2020-05-14 21:15:36,111 [INFO] Activator:176 - 


2020-05-14 21:15:36,127 [INFO] Activator:177 - !SESSION log4j initialized
2020-05-14 21:16:26,830 [INFO] ApplicationProperties:181 - Using Application install path: C:\ST\STM32CubeIDE_1.2.0\STM32CubeIDE\plugins\com.st.stm32cube.common.mx_5.5.0.201912201511
2020-05-14 21:16:26,846 [INFO] DbMcusXml:69 - Set database path to: C:\ST\STM32CubeIDE_1.2.0\STM32CubeIDE\plugins\com.st.stm32cube.common.mx_5.5.0.201912201511\\db\/mcu/
2020-05-14 21:16:26,861 [INFO] DbBoardsPdsc:54 - Set plugin database path to: C:\ST\STM32CubeIDE_1.2.0\STM32CubeIDE\plugins\com.st.stm32cube.common.mx_5.5.0.201912201511\\db\/plugins/boardmanager/
2020-05-14 21:16:26,861 [INFO] DbMcus:264 - Set plugin images path to: C:\ST\STM32CubeIDE_1.2.0\STM32CubeIDE\plugins\com.st.stm32cube.common.mx_5.5.0.201912201511\\db\/plugins/mcufinder/images/
2020-05-14 21:16:26,861 [INFO] DbBoards:232 - Set plugin images path to: C:\ST\STM32CubeIDE_1.2.0\STM32CubeIDE\plugins\com.st.stm32cube.common.mx_5.5.0.201912201511\\db\/plugins/mcufinder/images/
2020-05-14 21:16:26,893 [INFO] APIGFXSelector:72 - Set database path to: C:\ST\STM32CubeIDE_1.2.0\STM32CubeIDE\plugins\com.st.stm32cube.common.mx_5.5.0.201912201511\\db\/plugins/mcufinder/mcu/
2020-05-14 21:16:26,986 [INFO] DbMcusAds:72 - Set database path to: C:\Users\lewy\.stmcufinder\plugins\mcufinder//mcu/
2020-05-14 21:16:26,986 [INFO] DbMcusDocs:92 - Set database path to: C:\Users\lewy\.stmcufinder\plugins\mcufinder//mcu/
2020-05-14 21:16:26,986 [INFO] DbMcusJson:59 - Set database path to: C:\Users\lewy\.stmcufinder\plugins\mcufinder//mcu/
2020-05-14 21:16:26,986 [INFO] DbBoardsDocs:84 - Set database path to: C:\Users\lewy\.stmcufinder\plugins\mcufinder//mcu/
2020-05-14 21:16:26,986 [INFO] DbBoardsJson:51 - Set database path to: C:\Users\lewy\.stmcufinder\plugins\mcufinder//mcu/
2020-05-14 21:16:27,018 [INFO] CrossReferenceDbSqlite:197 - Set database path to: C:\Users\lewy\.stmcufinder\plugins\mcufinder//mcu/cs/
2020-05-14 21:16:27,189 [INFO] RulesReader:52 - Compatibility file has been processed (205 Rules)
2020-05-14 21:16:27,330 [INFO] MicroXplorer:570 - Detected Java Version = 1.8.0_202
2020-05-14 21:16:27,330 [INFO] DbMcusXml:69 - Set database path to: C:\ST\STM32CubeIDE_1.2.0\STM32CubeIDE\plugins\com.st.stm32cube.common.mx_5.5.0.201912201511\\db\/mcu/
2020-05-14 21:16:27,330 [INFO] DbBoardsPdsc:54 - Set plugin database path to: C:\ST\STM32CubeIDE_1.2.0\STM32CubeIDE\plugins\com.st.stm32cube.common.mx_5.5.0.201912201511\\db\/plugins/boardmanager/
2020-05-14 21:16:27,330 [INFO] DbMcus:264 - Set plugin images path to: C:\ST\STM32CubeIDE_1.2.0\STM32CubeIDE\plugins\com.st.stm32cube.common.mx_5.5.0.201912201511\\db\/plugins/mcufinder/images/
2020-05-14 21:16:27,330 [INFO] DbBoards:232 - Set plugin images path to: C:\ST\STM32CubeIDE_1.2.0\STM32CubeIDE\plugins\com.st.stm32cube.common.mx_5.5.0.201912201511\\db\/plugins/mcufinder/images/
2020-05-14 21:16:27,330 [INFO] APIGFXSelector:72 - Set database path to: C:\ST\STM32CubeIDE_1.2.0\STM32CubeIDE\plugins\com.st.stm32cube.common.mx_5.5.0.201912201511\\db\/plugins/mcufinder/mcu/
2020-05-14 21:16:27,330 [WARN] DbFile:31 - Overriding database path with different value: C:\Users\lewy\.stmcufinder\plugins\mcufinder/ => C:\Users\lewy\.stmcufinder\plugins\mcufinder
2020-05-14 21:16:27,330 [INFO] DbMcusAds:72 - Set database path to: C:\Users\lewy\.stmcufinder\plugins\mcufinder//mcu/
2020-05-14 21:16:27,330 [WARN] DbFile:31 - Overriding database path with different value: C:\Users\lewy\.stmcufinder\plugins\mcufinder/ => C:\Users\lewy\.stmcufinder\plugins\mcufinder
2020-05-14 21:16:27,330 [INFO] DbMcusDocs:92 - Set database path to: C:\Users\lewy\.stmcufinder\plugins\mcufinder//mcu/
2020-05-14 21:16:27,330 [WARN] DbFile:31 - Overriding database path with different value: C:\Users\lewy\.stmcufinder\plugins\mcufinder/ => C:\Users\lewy\.stmcufinder\plugins\mcufinder
2020-05-14 21:16:27,330 [INFO] DbMcusJson:59 - Set database path to: C:\Users\lewy\.stmcufinder\plugins\mcufinder//mcu/
2020-05-14 21:16:27,330 [WARN] DbFile:31 - Overriding database path with different value: C:\Users\lewy\.stmcufinder\plugins\mcufinder/ => C:\Users\lewy\.stmcufinder\plugins\mcufinder
2020-05-14 21:16:27,330 [INFO] DbBoardsDocs:84 - Set database path to: C:\Users\lewy\.stmcufinder\plugins\mcufinder//mcu/
2020-05-14 21:16:27,330 [WARN] DbFile:31 - Overriding database path with different value: C:\Users\lewy\.stmcufinder\plugins\mcufinder/ => C:\Users\lewy\.stmcufinder\plugins\mcufinder
2020-05-14 21:16:27,330 [INFO] DbBoardsJson:51 - Set database path to: C:\Users\lewy\.stmcufinder\plugins\mcufinder//mcu/
2020-05-14 21:16:27,330 [WARN] DbFile:31 - Overriding database path with different value: C:\Users\lewy\.stmcufinder\plugins\mcufinder/ => C:\Users\lewy\.stmcufinder\plugins\mcufinder
2020-05-14 21:16:27,330 [WARN] DbFile:31 - Overriding database path with different value: C:\Users\lewy\.stmcufinder\plugins\mcufinder/ => C:\Users\lewy\.stmcufinder\plugins\mcufinder
2020-05-14 21:16:27,330 [INFO] CrossReferenceDbSqlite:197 - Set database path to: C:\Users\lewy\.stmcufinder\plugins\mcufinder//mcu/cs/
2020-05-14 21:16:27,486 [INFO] MainPanel:180 - HeapMemory: 268435456
2020-05-14 21:16:27,689 [INFO] DbMcusXml:69 - Set database path to: C:\ST\STM32CubeIDE_1.2.0\STM32CubeIDE\plugins\com.st.stm32cube.common.mx_5.5.0.201912201511\\db\/mcu/
2020-05-14 21:16:27,689 [INFO] DbBoardsPdsc:54 - Set plugin database path to: C:\ST\STM32CubeIDE_1.2.0\STM32CubeIDE\plugins\com.st.stm32cube.common.mx_5.5.0.201912201511\\db\/plugins/boardmanager/
2020-05-14 21:16:27,689 [INFO] DbMcus:264 - Set plugin images path to: C:\ST\STM32CubeIDE_1.2.0\STM32CubeIDE\plugins\com.st.stm32cube.common.mx_5.5.0.201912201511\\db\/plugins/mcufinder/images/
2020-05-14 21:16:27,689 [INFO] DbBoards:232 - Set plugin images path to: C:\ST\STM32CubeIDE_1.2.0\STM32CubeIDE\plugins\com.st.stm32cube.common.mx_5.5.0.201912201511\\db\/plugins/mcufinder/images/
2020-05-14 21:16:27,689 [INFO] APIGFXSelector:72 - Set database path to: C:\ST\STM32CubeIDE_1.2.0\STM32CubeIDE\plugins\com.st.stm32cube.common.mx_5.5.0.201912201511\\db\/plugins/mcufinder/mcu/
2020-05-14 21:16:27,689 [WARN] DbFile:31 - Overriding database path with different value: C:\Users\lewy\.stmcufinder\plugins\mcufinder/ => C:\Users\lewy\.stmcufinder\plugins\mcufinder
2020-05-14 21:16:27,689 [INFO] DbMcusAds:72 - Set database path to: C:\Users\lewy\.stmcufinder\plugins\mcufinder//mcu/
2020-05-14 21:16:27,689 [WARN] DbFile:31 - Overriding database path with different value: C:\Users\lewy\.stmcufinder\plugins\mcufinder/ => C:\Users\lewy\.stmcufinder\plugins\mcufinder
2020-05-14 21:16:27,689 [INFO] DbMcusDocs:92 - Set database path to: C:\Users\lewy\.stmcufinder\plugins\mcufinder//mcu/
2020-05-14 21:16:27,689 [WARN] DbFile:31 - Overriding database path with different value: C:\Users\lewy\.stmcufinder\plugins\mcufinder/ => C:\Users\lewy\.stmcufinder\plugins\mcufinder
2020-05-14 21:16:27,689 [INFO] DbMcusJson:59 - Set database path to: C:\Users\lewy\.stmcufinder\plugins\mcufinder//mcu/
2020-05-14 21:16:27,689 [WARN] DbFile:31 - Overriding database path with different value: C:\Users\lewy\.stmcufinder\plugins\mcufinder/ => C:\Users\lewy\.stmcufinder\plugins\mcufinder
2020-05-14 21:16:27,689 [INFO] DbBoardsDocs:84 - Set database path to: C:\Users\lewy\.stmcufinder\plugins\mcufinder//mcu/
2020-05-14 21:16:27,689 [WARN] DbFile:31 - Overriding database path with different value: C:\Users\lewy\.stmcufinder\plugins\mcufinder/ => C:\Users\lewy\.stmcufinder\plugins\mcufinder
2020-05-14 21:16:27,689 [INFO] DbBoardsJson:51 - Set database path to: C:\Users\lewy\.stmcufinder\plugins\mcufinder//mcu/
2020-05-14 21:16:27,689 [WARN] DbFile:31 - Overriding database path with different value: C:\Users\lewy\.stmcufinder\plugins\mcufinder/ => C:\Users\lewy\.stmcufinder\plugins\mcufinder
2020-05-14 21:16:27,689 [WARN] DbFile:31 - Overriding database path with different value: C:\Users\lewy\.stmcufinder\plugins\mcufinder/ => C:\Users\lewy\.stmcufinder\plugins\mcufinder
2020-05-14 21:16:27,689 [INFO] CrossReferenceDbSqlite:197 - Set database path to: C:\Users\lewy\.stmcufinder\plugins\mcufinder//mcu/cs/
2020-05-14 21:16:27,721 [INFO] ApplicationProperties:181 - Using Application install path: C:\ST\STM32CubeIDE_1.2.0\STM32CubeIDE\plugins\com.st.stm32cube.common.mx_5.5.0.201912201511
2020-05-14 21:16:27,736 [INFO] PluginManage:178 - Search for loadable plugins [exclusion list=]
2020-05-14 21:16:27,736 [INFO] PluginManage:292 - Check plugin analytics
2020-05-14 21:16:27,752 [INFO] PluginManage:342 - Loaded plugin analytics (category:tool,tabindex:-1)
2020-05-14 21:16:27,752 [INFO] PluginManage:292 - Check plugin clock
2020-05-14 21:16:27,830 [INFO] PluginManage:342 - Loaded plugin clock (category:base,tabindex:2)
2020-05-14 21:16:27,830 [INFO] PluginManage:292 - Check plugin ddr
2020-05-14 21:16:27,861 [INFO] PluginManage:342 - Loaded plugin ddr (category:tool,tabindex:6)
2020-05-14 21:16:27,861 [INFO] PluginManage:292 - Check plugin filemanager
2020-05-14 21:16:28,080 [INFO] PluginManage:342 - Loaded plugin filemanager (category:base,tabindex:10)
2020-05-14 21:16:28,080 [INFO] PluginManage:292 - Check plugin ipmanager
2020-05-14 21:16:28,096 [INFO] PluginManage:342 - Loaded plugin ipmanager (category:base,tabindex:5)
2020-05-14 21:16:28,096 [INFO] PluginManage:292 - Check plugin pinoutandconfiguration
2020-05-14 21:16:28,111 [INFO] PluginManage:342 - Loaded plugin pinoutandconfiguration (category:base,tabindex:1)
2020-05-14 21:16:28,111 [INFO] PluginManage:292 - Check plugin pinoutconfig
2020-05-14 21:16:28,174 [INFO] PluginManage:342 - Loaded plugin pinoutconfig (category:base,tabindex:0)
2020-05-14 21:16:28,174 [INFO] PluginManage:292 - Check plugin power
2020-05-14 21:16:28,205 [INFO] PluginManage:342 - Loaded plugin power (category:power,tabindex:4)
2020-05-14 21:16:28,205 [INFO] PluginManage:292 - Check plugin projectmanager
2020-05-14 21:16:28,221 [INFO] PluginManage:342 - Loaded plugin projectmanager (category:projectmanager,tabindex:3)
2020-05-14 21:16:28,221 [INFO] PluginManage:292 - Check plugin thirdparty
2020-05-14 21:16:28,330 [INFO] ThirdPartyDb:295 - Open Third Party DataBase File (C:/Users/lewy/.stm32cubemx/plugins/thirdparty/db/thirdparties_db.xml) : 31 ms. number of Sw pack : 11
2020-05-14 21:16:28,330 [INFO] PluginManage:342 - Loaded plugin thirdparty (category:base,tabindex:-1)
2020-05-14 21:16:28,330 [INFO] PluginManage:292 - Check plugin tools
2020-05-14 21:16:28,346 [INFO] PluginManage:342 - Loaded plugin tools (category:base,tabindex:7)
2020-05-14 21:16:28,346 [INFO] PluginManage:292 - Check plugin updater
2020-05-14 21:16:28,377 [INFO] PluginManage:342 - Loaded plugin updater (category:base,tabindex:12)
2020-05-14 21:16:28,377 [INFO] PluginManage:265 - PluginManage : Loaded plugins [12]
2020-05-14 21:16:28,643 [INFO] PinOutPanel:1399 - setPackage(No Configuration,No Configuration)
2020-05-14 21:16:28,799 [INFO] IPUIPlugin:65 - create IPUIPlugin
2020-05-14 21:16:28,799 [INFO] PluginManager:200 - loadIPPluginJar : add adc
2020-05-14 21:16:28,799 [INFO] IPUIPlugin:65 - create IPUIPlugin
2020-05-14 21:16:28,815 [INFO] PluginManager:200 - loadIPPluginJar : add aes
2020-05-14 21:16:28,815 [INFO] IPUIPlugin:65 - create IPUIPlugin
2020-05-14 21:16:28,815 [INFO] PluginManager:200 - loadIPPluginJar : add can
2020-05-14 21:16:28,815 [INFO] IPUIPlugin:65 - create IPUIPlugin
2020-05-14 21:16:28,815 [INFO] PluginManager:200 - loadIPPluginJar : add comp
2020-05-14 21:16:28,830 [INFO] IPUIPlugin:65 - create IPUIPlugin
2020-05-14 21:16:28,830 [INFO] PluginManager:200 - loadIPPluginJar : add cryp
2020-05-14 21:16:28,830 [INFO] IPUIPlugin:65 - create IPUIPlugin
2020-05-14 21:16:28,830 [INFO] PluginManager:200 - loadIPPluginJar : add dfsdm
2020-05-14 21:16:28,846 [INFO] IPUIPlugin:65 - create IPUIPlugin
2020-05-14 21:16:28,846 [INFO] PluginManager:200 - loadIPPluginJar : add dma
2020-05-14 21:16:28,846 [INFO] IPUIPlugin:65 - create IPUIPlugin
2020-05-14 21:16:28,846 [INFO] PluginManager:200 - loadIPPluginJar : add fatfs
2020-05-14 21:16:28,846 [INFO] IPUIPlugin:65 - create IPUIPlugin
2020-05-14 21:16:28,846 [INFO] PluginManager:200 - loadIPPluginJar : add fmc
2020-05-14 21:16:28,877 [INFO] IPUIPlugin:65 - create IPUIPlugin
2020-05-14 21:16:28,877 [INFO] PluginManager:200 - loadIPPluginJar : add freertos
2020-05-14 21:16:28,877 [INFO] IPUIPlugin:65 - create IPUIPlugin
2020-05-14 21:16:28,877 [INFO] PluginManager:200 - loadIPPluginJar : add genericplugin
2020-05-14 21:16:28,877 [INFO] IPUIPlugin:65 - create IPUIPlugin
2020-05-14 21:16:28,877 [INFO] PluginManager:200 - loadIPPluginJar : add gfxmmu
2020-05-14 21:16:28,877 [INFO] IPUIPlugin:65 - create IPUIPlugin
2020-05-14 21:16:28,877 [INFO] PluginManager:200 - loadIPPluginJar : add gfxsimulator
2020-05-14 21:16:28,877 [INFO] IPUIPlugin:65 - create IPUIPlugin
2020-05-14 21:16:28,877 [INFO] PluginManager:200 - loadIPPluginJar : add gic
2020-05-14 21:16:28,908 [INFO] IPUIPlugin:65 - create IPUIPlugin
2020-05-14 21:16:28,908 [INFO] PluginManager:200 - loadIPPluginJar : add gpio
2020-05-14 21:16:28,908 [INFO] IPUIPlugin:65 - create IPUIPlugin
2020-05-14 21:16:28,908 [INFO] PluginManager:200 - loadIPPluginJar : add gtzc
2020-05-14 21:16:28,908 [INFO] IPUIPlugin:65 - create IPUIPlugin
2020-05-14 21:16:28,908 [INFO] PluginManager:200 - loadIPPluginJar : add hash
2020-05-14 21:16:28,908 [INFO] IPUIPlugin:65 - create IPUIPlugin
2020-05-14 21:16:28,908 [INFO] PluginManager:200 - loadIPPluginJar : add i2c
2020-05-14 21:16:28,908 [INFO] IPUIPlugin:65 - create IPUIPlugin
2020-05-14 21:16:28,908 [INFO] PluginManager:200 - loadIPPluginJar : add i2s
2020-05-14 21:16:28,908 [INFO] IPUIPlugin:65 - create IPUIPlugin
2020-05-14 21:16:28,908 [INFO] PluginManager:200 - loadIPPluginJar : add ipddr
2020-05-14 21:16:28,908 [INFO] IPUIPlugin:65 - create IPUIPlugin
2020-05-14 21:16:28,924 [INFO] PluginManager:200 - loadIPPluginJar : add ltdc
2020-05-14 21:16:28,924 [INFO] IPUIPlugin:65 - create IPUIPlugin
2020-05-14 21:16:28,924 [INFO] PluginManager:200 - loadIPPluginJar : add mdma
2020-05-14 21:16:28,940 [INFO] IPUIPlugin:65 - create IPUIPlugin
2020-05-14 21:16:28,940 [INFO] PluginManager:200 - loadIPPluginJar : add nvic
2020-05-14 21:16:28,940 [INFO] IPUIPlugin:65 - create IPUIPlugin
2020-05-14 21:16:28,940 [INFO] PluginManager:200 - loadIPPluginJar : add opamp
2020-05-14 21:16:28,940 [INFO] IPUIPlugin:65 - create IPUIPlugin
2020-05-14 21:16:28,940 [INFO] PluginManager:200 - loadIPPluginJar : add pdm2pcm
2020-05-14 21:16:28,940 [INFO] IPUIPlugin:65 - create IPUIPlugin
2020-05-14 21:16:28,955 [INFO] PluginManager:200 - loadIPPluginJar : add plateformsettings
2020-05-14 21:16:28,955 [INFO] IPUIPlugin:65 - create IPUIPlugin
2020-05-14 21:16:28,955 [INFO] PluginManager:200 - loadIPPluginJar : add quadspi
2020-05-14 21:16:28,971 [INFO] IPUIPlugin:65 - create IPUIPlugin
2020-05-14 21:16:28,971 [INFO] PluginManager:200 - loadIPPluginJar : add resmgrutility
2020-05-14 21:16:28,971 [INFO] IPUIPlugin:65 - create IPUIPlugin
2020-05-14 21:16:28,971 [INFO] PluginManager:200 - loadIPPluginJar : add sai
2020-05-14 21:16:28,971 [INFO] IPUIPlugin:65 - create IPUIPlugin
2020-05-14 21:16:28,971 [INFO] PluginManager:200 - loadIPPluginJar : add spi
2020-05-14 21:16:28,971 [INFO] IPUIPlugin:65 - create IPUIPlugin
2020-05-14 21:16:28,971 [INFO] PluginManager:200 - loadIPPluginJar : add stm32_wpan
2020-05-14 21:16:28,971 [INFO] IPUIPlugin:65 - create IPUIPlugin
2020-05-14 21:16:28,971 [INFO] PluginManager:200 - loadIPPluginJar : add tim
2020-05-14 21:16:28,986 [INFO] IPUIPlugin:65 - create IPUIPlugin
2020-05-14 21:16:28,986 [INFO] PluginManager:200 - loadIPPluginJar : add touchsensing
2020-05-14 21:16:28,986 [INFO] IPUIPlugin:65 - create IPUIPlugin
2020-05-14 21:16:28,986 [INFO] PluginManager:200 - loadIPPluginJar : add tracer_emb
2020-05-14 21:16:28,986 [INFO] IPUIPlugin:65 - create IPUIPlugin
2020-05-14 21:16:28,986 [INFO] PluginManager:200 - loadIPPluginJar : add ts
2020-05-14 21:16:28,986 [INFO] IPUIPlugin:65 - create IPUIPlugin
2020-05-14 21:16:28,986 [INFO] PluginManager:200 - loadIPPluginJar : add tsc
2020-05-14 21:16:28,986 [INFO] IPUIPlugin:65 - create IPUIPlugin
2020-05-14 21:16:28,986 [INFO] PluginManager:200 - loadIPPluginJar : add ucpd
2020-05-14 21:16:28,986 [INFO] IPUIPlugin:65 - create IPUIPlugin
2020-05-14 21:16:28,986 [INFO] PluginManager:200 - loadIPPluginJar : add usart
2020-05-14 21:16:29,408 [INFO] BoardConnectionPanel:226 - [DDR PANEL] osNameString: Windows
2020-05-14 21:16:29,565 [INFO] BoardConnectionPanel:3472 - [DDR PANEL] STM32CubeIDE environment
2020-05-14 21:16:29,565 [INFO] MainDdrPanel:103 - [DDR PANEL] GETTER - cubeProgrammerPath is: null
2020-05-14 21:16:29,812 [FATAL] Updater:277 - Updater called before beeing initialized
2020-05-14 21:16:30,172 [FATAL] Updater:277 - Updater called before beeing initialized
2020-05-14 21:16:30,172 [INFO] PinOutPanel:1399 - setPackage(No Configuration,No Configuration)
2020-05-14 21:16:30,172 [FATAL] Updater:277 - Updater called before beeing initialized
2020-05-14 21:16:30,172 [INFO] BoardConnectionPanel:3472 - [DDR PANEL] STM32CubeIDE environment
2020-05-14 21:16:30,172 [INFO] MainDdrPanel:103 - [DDR PANEL] GETTER - cubeProgrammerPath is: C:\ST\STM32CubeIDE_1.2.0\STM32CubeIDE\plugins\com.st.stm32cube.ide.mcu.externaltools.cubeprogrammer.win32_1.1.0.201910081157\tools\bin
2020-05-14 21:16:30,187 [INFO] ProgrammerExecThread:148 - [ProgrammerAPI] CubeProgrammer command construction: C:\ST\STM32CubeIDE_1.2.0\STM32CubeIDE\plugins\com.st.stm32cube.ide.mcu.externaltools.cubeprogrammer.win32_1.1.0.201910081157\tools\bin\STM32_Programmer_CLI.exe -l
2020-05-14 21:16:30,625 [INFO] MainDdrPanel:93 - [DDR PANEL] SETTER - Set cubeProgrammerPath to: C:\ST\STM32CubeIDE_1.2.0\STM32CubeIDE\plugins\com.st.stm32cube.ide.mcu.externaltools.cubeprogrammer.win32_1.1.0.201910081157\tools\bin
2020-05-14 21:16:30,687 [INFO] Updater:886 - Updater Version found : 5.5.0
2020-05-14 21:16:30,734 [INFO] ApplicationProperties:181 - Using Application install path: C:\ST\STM32CubeIDE_1.2.0\STM32CubeIDE\plugins\com.st.stm32cube.common.mx_5.5.0.201912201511
2020-05-14 21:16:31,235 [ERROR] ServerAccessManage:1004 - Warning during Server Connexion :  Unknown host sw-center.st.com
2020-05-14 21:16:31,235 [ERROR] ServerAccessManage:1004 - Warning during Server Connexion :  Unknown host www.ebuc23.com
2020-05-14 21:16:31,235 [INFO] MainUpdater:2230 - connection check result : 22
2020-05-14 21:16:31,235 [INFO] MainUpdater:236 - Updater Check For Update Now.
2020-05-14 21:16:31,235 [INFO] MicroXplorer:420 - Change Database Version : DB.5.0.50
2020-05-14 21:16:31,281 [INFO] CheckServerUpdateThread:92 - End of CheckServer Thread
2020-05-14 21:16:31,391 [INFO] ThirdPartyDb:261 - Close Third Party DataBase File (C:/Users/lewy/.stm32cubemx/plugins/thirdparty/db/thirdparties_db.xml)
2020-05-14 21:16:31,406 [INFO] IntegrityCheckThread:98 - End integrity checks thread
2020-05-14 21:16:31,453 [ERROR] ServerAccessManage:1004 - Warning during Server Connexion :  Unknown host sw-center.st.com
2020-05-14 21:16:31,453 [ERROR] ServerAccessManage:1004 - Warning during Server Connexion :  Unknown host www.ebuc23.com
2020-05-14 21:16:31,453 [INFO] MainUpdater:2230 - connection check result : 22
2020-05-14 21:16:31,453 [INFO] LogOutputStream:76 - [STDOUT_REDIRECT] proxy connection test failed
2020-05-14 21:16:34,872 [INFO] McuFinderGlobals:40 - Set McuFinder mode to 2 (CubeIDE integrated)
2020-05-14 21:16:34,903 [INFO] FinderPluginLoader:86 - Searching for filters in installed packs
2020-05-14 21:16:34,919 [INFO] DbMcusXml:107 - Load MCU database from C:\ST\STM32CubeIDE_1.2.0\STM32CubeIDE\plugins\com.st.stm32cube.common.mx_5.5.0.201912201511\\db\/mcu/families.xml
2020-05-14 21:16:35,575 [INFO] DbMcusJson:87 - JSON generation date=Wed Apr 15 07:54:18 CEST 2020 (1586930058)
2020-05-14 21:16:36,309 [INFO] DbMcus:192 - Found 1628 MCUs (1588 are supported by CubeMX, 1588 are visible in CubeMX)
2020-05-14 21:16:36,341 [INFO] ApiDb:158 - Load user favorites file C:\Users\lewy/.stm32cubeide/favorites.mcus.txt: 0 item(s)
2020-05-14 21:16:36,341 [INFO] ApiDb:163 - User favorites MCUs=[]
2020-05-14 21:16:36,341 [INFO] DbMcus:203 - Set 0 / 0 favorites MCUs
2020-05-14 21:16:37,317 [INFO] McuFilterPanel:282 - Update 0 favorites MCUs
2020-05-14 21:16:37,488 [INFO] DbBoardsPdsc:92 - Found 21 items
2020-05-14 21:16:37,505 [INFO] DbBoardsPdsc:92 - Found 9 items
2020-05-14 21:16:37,515 [INFO] DbBoardsPdsc:92 - Found 27 items
2020-05-14 21:16:37,516 [INFO] DbBoardsPdsc:92 - Found 1 items
2020-05-14 21:16:37,536 [INFO] DbBoardsPdsc:92 - Found 40 items
2020-05-14 21:16:37,542 [INFO] DbBoardsPdsc:92 - Found 39 items
2020-05-14 21:16:37,544 [INFO] DbBoardsPdsc:92 - Found 2 items
2020-05-14 21:16:37,558 [INFO] DbBoardsPdsc:92 - Found 4 items
2020-05-14 21:16:37,560 [WARN] DbBoardsPdsc:256 - Board STM32H7B3I-DK: unknown feature type=Audio, name=, username=Audio stereo codec with Headphone Amp (CS42L51-CNZ), n=1
2020-05-14 21:16:37,561 [WARN] DbBoardsPdsc:256 - Board STM32H7B3I-DK: unknown feature type=WIFI, name=, username=WIFI 802.11 b/g/n, n=1
2020-05-14 21:16:37,562 [WARN] DbBoardsPdsc:256 - Board STM32H7B3I-EVAL: unknown feature type=Audio, name=, username=Multi-Channel Audio Codec (CS42L51-CNZ), n=1
2020-05-14 21:16:37,562 [WARN] DbBoardsPdsc:256 - Board STM32H7B3I-EVAL: unknown feature type=Meter, name=, username=Power-metering and Temperature-monitoring with sigma-delta modulators, n=1
2020-05-14 21:16:37,562 [WARN] DbBoardsPdsc:256 - Board STM32H7B3I-EVAL: unknown feature type=WIFI, name=, username=WIFI 802.11 a/b/g/n, n=1
2020-05-14 21:16:37,562 [WARN] DbBoardsPdsc:256 - Board STM32H7B3I-EVAL: unknown feature type=Motor, name=, username=Motor Control, n=1
2020-05-14 21:16:37,562 [WARN] DbBoardsPdsc:256 - Board STEVAL-IDP005V1: unknown feature type=PWRSock, name=Power Socket, username=IO-Link 4-position M12 A-coded connector, n=1
2020-05-14 21:16:37,563 [WARN] DbBoardsPdsc:256 - Board STEVAL-IDP005V2: unknown feature type=PWRSock, name=Power Socket, username=IO-Link 4-position M12 A-coded connector, n=1
2020-05-14 21:16:37,584 [INFO] DbBoardsJson:79 - JSON generation date=Tue Feb 11 14:53:55 CET 2020 (1581429235)
2020-05-14 21:16:37,587 [INFO] DbBoards:120 - Found 144 boards (140 are supported by CubeMX)
2020-05-14 21:16:37,593 [INFO] DbBoardsDocs:118 - JSON generation date=Wed Apr 15 07:54:18 CEST 2020 (1586930058)
2020-05-14 21:16:37,599 [INFO] DbBoardsDocs:57 - Found 157 boards documents
2020-05-14 21:16:37,600 [WARN] DbBoards:130 - board NUCLEO-H743ZI2 has no document id list !
2020-05-14 21:16:37,600 [WARN] DbBoards:130 - board NUCLEO-L4P5ZG has no document id list !
2020-05-14 21:16:37,601 [WARN] DbBoards:130 - board P-NUCLEO-WB55-Nucleo has no document id list !
2020-05-14 21:16:37,601 [WARN] DbBoards:130 - board P-NUCLEO-WB55-USBDongle has no document id list !
2020-05-14 21:16:37,601 [WARN] DbBoards:130 - board STM32F401C-DISCO has no document id list !
2020-05-14 21:16:37,601 [WARN] DbBoards:130 - board STM32F769I-DISC1 has no document id list !
2020-05-14 21:16:37,601 [WARN] DbBoards:152 - board STM32F723E-DISCO / document id not found: 4598
2020-05-14 21:16:37,601 [WARN] DbBoards:130 - board STM32L-DISCOVERY has no document id list !
2020-05-14 21:16:37,602 [WARN] DbBoards:152 - board STM32L496G-DISCO / document id not found: 4598
2020-05-14 21:16:37,602 [WARN] DbBoards:152 - board STM32H747I-DISCO / document id not found: 4598
2020-05-14 21:16:37,602 [WARN] DbBoards:130 - board STM32H747I-DISC1 has no document id list !
2020-05-14 21:16:37,602 [WARN] DbBoards:152 - board STM32H745I-DISCO / document id not found: 4598
2020-05-14 21:16:37,602 [WARN] DbBoards:152 - board STM32H750B-DK / document id not found: 4598
2020-05-14 21:16:37,602 [WARN] DbBoards:152 - board STM32H7B3I-DK / document id not found: 4598
2020-05-14 21:16:37,602 [WARN] DbBoards:152 - board STM32L4R9I-DISCO / document id not found: 4598
2020-05-14 21:16:37,603 [WARN] DbBoards:130 - board STM32MP157A-DK1 has no document id list !
2020-05-14 21:16:37,603 [WARN] DbBoards:152 - board STM32L562E-DK / document id not found: 4598
2020-05-14 21:16:37,604 [WARN] DbBoards:130 - board STM32L4P5G-DK has no document id list !
2020-05-14 21:16:37,604 [WARN] DbBoards:130 - board STM32091C-EVAL has no document id list !
2020-05-14 21:16:37,604 [WARN] DbBoards:130 - board STM3210C-EVAL has no document id list !
2020-05-14 21:16:37,604 [WARN] DbBoards:130 - board STM32100E-EVAL has no document id list !
2020-05-14 21:16:37,604 [WARN] DbBoards:130 - board STM3221G-EVAL has no document id list !
2020-05-14 21:16:37,604 [WARN] DbBoards:130 - board STM32303C-EVAL has no document id list !
2020-05-14 21:16:37,604 [WARN] DbBoards:130 - board STM32L152D-EVAL has no document id list !
2020-05-14 21:16:37,604 [WARN] DbBoards:130 - board STM32746G-EVAL2 has no document id list !
2020-05-14 21:16:37,604 [WARN] DbBoards:130 - board STM32F779I-EVAL has no document id list !
2020-05-14 21:16:37,604 [WARN] DbBoards:130 - board STM32479I-EVAL has no document id list !
2020-05-14 21:16:37,604 [WARN] DbBoards:130 - board STM32H743I-EVAL2 has no document id list !
2020-05-14 21:16:37,605 [WARN] DbBoards:152 - board STM32H7B3I-EVAL / document id not found: 4596
2020-05-14 21:16:37,605 [WARN] DbBoards:130 - board STM32H753I-EVAL2 has no document id list !
2020-05-14 21:16:37,605 [WARN] DbBoards:130 - board STM32G474E-EVAL1 has no document id list !
2020-05-14 21:16:37,605 [WARN] DbBoards:130 - board STEVAL-BFA001V1B has no document id list !
2020-05-14 21:16:37,605 [WARN] DbBoards:130 - board STEVAL-BFA001V2B has no document id list !
2020-05-14 21:16:37,605 [WARN] DbBoards:130 - board STEVAL-MKSBOX1V1 has no document id list !
2020-05-14 21:16:37,605 [WARN] DbBoards:130 - board STEVAL-STWINKT1 has no document id list !
2020-05-14 21:16:37,605 [WARN] DbBoards:130 - board STEVAL-IDP005V1 has no document id list !
2020-05-14 21:16:37,605 [WARN] DbBoards:130 - board STEVAL-IDP005V2 has no document id list !
2020-05-14 21:16:37,991 [ERROR] DbBoards:192 - Image file not found for board P-NUCLEO-WB55: C:\ST\STM32CubeIDE_1.2.0\STM32CubeIDE\plugins\com.st.stm32cube.common.mx_5.5.0.201912201511\\db\/plugins/mcufinder/images/boards/p-nucleo-wb55_small.jpg
2020-05-14 21:16:38,962 [INFO] ApiDb:158 - Load user favorites file C:\Users\lewy/.stm32cubeide/favorites.boards.txt: 0 item(s)
2020-05-14 21:16:38,963 [INFO] ApiDb:163 - User favorites Boards=[]
2020-05-14 21:16:38,963 [INFO] DbBoards:209 - Set 0 / 0 favorites Boards
2020-05-14 21:16:39,031 [INFO] BoardFilterPanel:211 - Update 0 favorites Boards
2020-05-14 21:16:39,205 [INFO] CrossSelectorPresenter:1319 - Cross Selector saved comparison directory: C:\Users\lewy\.stmcufinder\plugins\mcufinder\mcu\cs_comparisons_mx
