2020-05-03 19:43:01,630 [INFO] Activator:176 - 


2020-05-03 19:43:01,631 [INFO] Activator:177 - !SESSION log4j initialized
2020-05-03 19:43:07,461 [INFO] ApplicationProperties:181 - Using Application install path: /opt/st/stm32cubeide_1.2.0/plugins/com.st.stm32cube.common.mx_5.5.0.201912201511
2020-05-03 19:43:07,470 [INFO] DbMcusXml:69 - Set database path to: /opt/st/stm32cubeide_1.2.0/plugins/com.st.stm32cube.common.mx_5.5.0.201912201511//db//mcu/
2020-05-03 19:43:07,473 [INFO] DbBoardsPdsc:54 - Set plugin database path to: /opt/st/stm32cubeide_1.2.0/plugins/com.st.stm32cube.common.mx_5.5.0.201912201511//db//plugins/boardmanager/
2020-05-03 19:43:07,473 [INFO] DbMcus:264 - Set plugin images path to: /opt/st/stm32cubeide_1.2.0/plugins/com.st.stm32cube.common.mx_5.5.0.201912201511//db//plugins/mcufinder/images/
2020-05-03 19:43:07,473 [INFO] DbBoards:232 - Set plugin images path to: /opt/st/stm32cubeide_1.2.0/plugins/com.st.stm32cube.common.mx_5.5.0.201912201511//db//plugins/mcufinder/images/
2020-05-03 19:43:07,475 [INFO] APIGFXSelector:72 - Set database path to: /opt/st/stm32cubeide_1.2.0/plugins/com.st.stm32cube.common.mx_5.5.0.201912201511//db//plugins/mcufinder/mcu/
2020-05-03 19:43:07,477 [INFO] DbMcusAds:72 - Set database path to: /home/lewy/.stmcufinder/plugins/mcufinder//mcu/
2020-05-03 19:43:07,478 [INFO] DbMcusDocs:92 - Set database path to: /home/lewy/.stmcufinder/plugins/mcufinder//mcu/
2020-05-03 19:43:07,479 [INFO] DbMcusJson:59 - Set database path to: /home/lewy/.stmcufinder/plugins/mcufinder//mcu/
2020-05-03 19:43:07,480 [INFO] DbBoardsDocs:84 - Set database path to: /home/lewy/.stmcufinder/plugins/mcufinder//mcu/
2020-05-03 19:43:07,480 [INFO] DbBoardsJson:51 - Set database path to: /home/lewy/.stmcufinder/plugins/mcufinder//mcu/
2020-05-03 19:43:07,495 [INFO] CrossReferenceDbSqlite:197 - Set database path to: /home/lewy/.stmcufinder/plugins/mcufinder//mcu/cs/
2020-05-03 19:43:07,568 [INFO] RulesReader:52 - Compatibility file has been processed (205 Rules)
2020-05-03 19:43:07,612 [INFO] MicroXplorer:570 - Detected Java Version = 1.8.0_202
2020-05-03 19:43:07,612 [INFO] DbMcusXml:69 - Set database path to: /opt/st/stm32cubeide_1.2.0/plugins/com.st.stm32cube.common.mx_5.5.0.201912201511//db//mcu/
2020-05-03 19:43:07,612 [INFO] DbBoardsPdsc:54 - Set plugin database path to: /opt/st/stm32cubeide_1.2.0/plugins/com.st.stm32cube.common.mx_5.5.0.201912201511//db//plugins/boardmanager/
2020-05-03 19:43:07,613 [INFO] DbMcus:264 - Set plugin images path to: /opt/st/stm32cubeide_1.2.0/plugins/com.st.stm32cube.common.mx_5.5.0.201912201511//db//plugins/mcufinder/images/
2020-05-03 19:43:07,613 [INFO] DbBoards:232 - Set plugin images path to: /opt/st/stm32cubeide_1.2.0/plugins/com.st.stm32cube.common.mx_5.5.0.201912201511//db//plugins/mcufinder/images/
2020-05-03 19:43:07,614 [INFO] APIGFXSelector:72 - Set database path to: /opt/st/stm32cubeide_1.2.0/plugins/com.st.stm32cube.common.mx_5.5.0.201912201511//db//plugins/mcufinder/mcu/
2020-05-03 19:43:07,614 [WARN] DbFile:31 - Overriding database path with different value: /home/lewy/.stmcufinder/plugins/mcufinder/ => /home/lewy/.stmcufinder/plugins/mcufinder
2020-05-03 19:43:07,614 [INFO] DbMcusAds:72 - Set database path to: /home/lewy/.stmcufinder/plugins/mcufinder//mcu/
2020-05-03 19:43:07,614 [WARN] DbFile:31 - Overriding database path with different value: /home/lewy/.stmcufinder/plugins/mcufinder/ => /home/lewy/.stmcufinder/plugins/mcufinder
2020-05-03 19:43:07,614 [INFO] DbMcusDocs:92 - Set database path to: /home/lewy/.stmcufinder/plugins/mcufinder//mcu/
2020-05-03 19:43:07,614 [WARN] DbFile:31 - Overriding database path with different value: /home/lewy/.stmcufinder/plugins/mcufinder/ => /home/lewy/.stmcufinder/plugins/mcufinder
2020-05-03 19:43:07,614 [INFO] DbMcusJson:59 - Set database path to: /home/lewy/.stmcufinder/plugins/mcufinder//mcu/
2020-05-03 19:43:07,614 [WARN] DbFile:31 - Overriding database path with different value: /home/lewy/.stmcufinder/plugins/mcufinder/ => /home/lewy/.stmcufinder/plugins/mcufinder
2020-05-03 19:43:07,614 [INFO] DbBoardsDocs:84 - Set database path to: /home/lewy/.stmcufinder/plugins/mcufinder//mcu/
2020-05-03 19:43:07,615 [WARN] DbFile:31 - Overriding database path with different value: /home/lewy/.stmcufinder/plugins/mcufinder/ => /home/lewy/.stmcufinder/plugins/mcufinder
2020-05-03 19:43:07,615 [INFO] DbBoardsJson:51 - Set database path to: /home/lewy/.stmcufinder/plugins/mcufinder//mcu/
2020-05-03 19:43:07,615 [WARN] DbFile:31 - Overriding database path with different value: /home/lewy/.stmcufinder/plugins/mcufinder/ => /home/lewy/.stmcufinder/plugins/mcufinder
2020-05-03 19:43:07,615 [WARN] DbFile:31 - Overriding database path with different value: /home/lewy/.stmcufinder/plugins/mcufinder/ => /home/lewy/.stmcufinder/plugins/mcufinder
2020-05-03 19:43:07,615 [INFO] CrossReferenceDbSqlite:197 - Set database path to: /home/lewy/.stmcufinder/plugins/mcufinder//mcu/cs/
2020-05-03 19:43:07,659 [INFO] MainPanel:180 - HeapMemory: 283115520
2020-05-03 19:43:07,718 [INFO] DbMcusXml:69 - Set database path to: /opt/st/stm32cubeide_1.2.0/plugins/com.st.stm32cube.common.mx_5.5.0.201912201511//db//mcu/
2020-05-03 19:43:07,718 [INFO] DbBoardsPdsc:54 - Set plugin database path to: /opt/st/stm32cubeide_1.2.0/plugins/com.st.stm32cube.common.mx_5.5.0.201912201511//db//plugins/boardmanager/
2020-05-03 19:43:07,718 [INFO] DbMcus:264 - Set plugin images path to: /opt/st/stm32cubeide_1.2.0/plugins/com.st.stm32cube.common.mx_5.5.0.201912201511//db//plugins/mcufinder/images/
2020-05-03 19:43:07,718 [INFO] DbBoards:232 - Set plugin images path to: /opt/st/stm32cubeide_1.2.0/plugins/com.st.stm32cube.common.mx_5.5.0.201912201511//db//plugins/mcufinder/images/
2020-05-03 19:43:07,718 [INFO] APIGFXSelector:72 - Set database path to: /opt/st/stm32cubeide_1.2.0/plugins/com.st.stm32cube.common.mx_5.5.0.201912201511//db//plugins/mcufinder/mcu/
2020-05-03 19:43:07,719 [WARN] DbFile:31 - Overriding database path with different value: /home/lewy/.stmcufinder/plugins/mcufinder/ => /home/lewy/.stmcufinder/plugins/mcufinder
2020-05-03 19:43:07,719 [INFO] DbMcusAds:72 - Set database path to: /home/lewy/.stmcufinder/plugins/mcufinder//mcu/
2020-05-03 19:43:07,719 [WARN] DbFile:31 - Overriding database path with different value: /home/lewy/.stmcufinder/plugins/mcufinder/ => /home/lewy/.stmcufinder/plugins/mcufinder
2020-05-03 19:43:07,719 [INFO] DbMcusDocs:92 - Set database path to: /home/lewy/.stmcufinder/plugins/mcufinder//mcu/
2020-05-03 19:43:07,719 [WARN] DbFile:31 - Overriding database path with different value: /home/lewy/.stmcufinder/plugins/mcufinder/ => /home/lewy/.stmcufinder/plugins/mcufinder
2020-05-03 19:43:07,719 [INFO] DbMcusJson:59 - Set database path to: /home/lewy/.stmcufinder/plugins/mcufinder//mcu/
2020-05-03 19:43:07,719 [WARN] DbFile:31 - Overriding database path with different value: /home/lewy/.stmcufinder/plugins/mcufinder/ => /home/lewy/.stmcufinder/plugins/mcufinder
2020-05-03 19:43:07,719 [INFO] DbBoardsDocs:84 - Set database path to: /home/lewy/.stmcufinder/plugins/mcufinder//mcu/
2020-05-03 19:43:07,720 [WARN] DbFile:31 - Overriding database path with different value: /home/lewy/.stmcufinder/plugins/mcufinder/ => /home/lewy/.stmcufinder/plugins/mcufinder
2020-05-03 19:43:07,720 [INFO] DbBoardsJson:51 - Set database path to: /home/lewy/.stmcufinder/plugins/mcufinder//mcu/
2020-05-03 19:43:07,720 [WARN] DbFile:31 - Overriding database path with different value: /home/lewy/.stmcufinder/plugins/mcufinder/ => /home/lewy/.stmcufinder/plugins/mcufinder
2020-05-03 19:43:07,720 [WARN] DbFile:31 - Overriding database path with different value: /home/lewy/.stmcufinder/plugins/mcufinder/ => /home/lewy/.stmcufinder/plugins/mcufinder
2020-05-03 19:43:07,720 [INFO] CrossReferenceDbSqlite:197 - Set database path to: /home/lewy/.stmcufinder/plugins/mcufinder//mcu/cs/
2020-05-03 19:43:07,732 [INFO] ApplicationProperties:181 - Using Application install path: /opt/st/stm32cubeide_1.2.0/plugins/com.st.stm32cube.common.mx_5.5.0.201912201511
2020-05-03 19:43:07,733 [INFO] PluginManage:178 - Search for loadable plugins [exclusion list=]
2020-05-03 19:43:07,736 [INFO] PluginManage:292 - Check plugin analytics
2020-05-03 19:43:07,739 [INFO] PluginManage:342 - Loaded plugin analytics (category:tool,tabindex:-1)
2020-05-03 19:43:07,740 [INFO] PluginManage:292 - Check plugin clock
2020-05-03 19:43:07,747 [INFO] PluginManage:342 - Loaded plugin clock (category:base,tabindex:2)
2020-05-03 19:43:07,747 [INFO] PluginManage:292 - Check plugin ddr
2020-05-03 19:43:07,749 [INFO] PluginManage:342 - Loaded plugin ddr (category:tool,tabindex:6)
2020-05-03 19:43:07,749 [INFO] PluginManage:292 - Check plugin filemanager
2020-05-03 19:43:07,920 [INFO] PluginManage:342 - Loaded plugin filemanager (category:base,tabindex:10)
2020-05-03 19:43:07,920 [INFO] PluginManage:292 - Check plugin ipmanager
2020-05-03 19:43:07,924 [INFO] PluginManage:342 - Loaded plugin ipmanager (category:base,tabindex:5)
2020-05-03 19:43:07,925 [INFO] PluginManage:292 - Check plugin pinoutandconfiguration
2020-05-03 19:43:07,931 [INFO] PluginManage:342 - Loaded plugin pinoutandconfiguration (category:base,tabindex:1)
2020-05-03 19:43:07,931 [INFO] PluginManage:292 - Check plugin pinoutconfig
2020-05-03 19:43:07,945 [INFO] PluginManage:342 - Loaded plugin pinoutconfig (category:base,tabindex:0)
2020-05-03 19:43:07,945 [INFO] PluginManage:292 - Check plugin power
2020-05-03 19:43:07,951 [INFO] PluginManage:342 - Loaded plugin power (category:power,tabindex:4)
2020-05-03 19:43:07,951 [INFO] PluginManage:292 - Check plugin projectmanager
2020-05-03 19:43:07,971 [INFO] PluginManage:342 - Loaded plugin projectmanager (category:projectmanager,tabindex:3)
2020-05-03 19:43:07,971 [INFO] PluginManage:292 - Check plugin thirdparty
2020-05-03 19:43:08,022 [INFO] ThirdPartyDb:295 - Open Third Party DataBase File (/home/lewy/.stm32cubemx/plugins/thirdparty/db/thirdparties_db.xml) : 24 ms. number of Sw pack : 11
2020-05-03 19:43:08,030 [INFO] PluginManage:342 - Loaded plugin thirdparty (category:base,tabindex:-1)
2020-05-03 19:43:08,030 [INFO] PluginManage:292 - Check plugin tools
2020-05-03 19:43:08,031 [INFO] PluginManage:342 - Loaded plugin tools (category:base,tabindex:7)
2020-05-03 19:43:08,031 [INFO] PluginManage:292 - Check plugin updater
2020-05-03 19:43:08,049 [INFO] PluginManage:342 - Loaded plugin updater (category:base,tabindex:12)
2020-05-03 19:43:08,049 [INFO] PluginManage:265 - PluginManage : Loaded plugins [12]
2020-05-03 19:43:08,189 [INFO] PinOutPanel:1399 - setPackage(No Configuration,No Configuration)
2020-05-03 19:43:08,255 [INFO] IPUIPlugin:65 - create IPUIPlugin
2020-05-03 19:43:08,256 [INFO] PluginManager:200 - loadIPPluginJar : add gfxmmu
2020-05-03 19:43:08,257 [INFO] IPUIPlugin:65 - create IPUIPlugin
2020-05-03 19:43:08,258 [INFO] PluginManager:200 - loadIPPluginJar : add stm32_wpan
2020-05-03 19:43:08,259 [INFO] IPUIPlugin:65 - create IPUIPlugin
2020-05-03 19:43:08,259 [INFO] PluginManager:200 - loadIPPluginJar : add spi
2020-05-03 19:43:08,261 [INFO] IPUIPlugin:65 - create IPUIPlugin
2020-05-03 19:43:08,261 [INFO] PluginManager:200 - loadIPPluginJar : add aes
2020-05-03 19:43:08,263 [INFO] IPUIPlugin:65 - create IPUIPlugin
2020-05-03 19:43:08,263 [INFO] PluginManager:200 - loadIPPluginJar : add can
2020-05-03 19:43:08,267 [INFO] IPUIPlugin:65 - create IPUIPlugin
2020-05-03 19:43:08,267 [INFO] PluginManager:200 - loadIPPluginJar : add adc
2020-05-03 19:43:08,269 [INFO] IPUIPlugin:65 - create IPUIPlugin
2020-05-03 19:43:08,270 [INFO] PluginManager:200 - loadIPPluginJar : add ipddr
2020-05-03 19:43:08,272 [INFO] IPUIPlugin:65 - create IPUIPlugin
2020-05-03 19:43:08,272 [INFO] PluginManager:200 - loadIPPluginJar : add i2s
2020-05-03 19:43:08,273 [INFO] IPUIPlugin:65 - create IPUIPlugin
2020-05-03 19:43:08,274 [INFO] PluginManager:200 - loadIPPluginJar : add tracer_emb
2020-05-03 19:43:08,276 [INFO] IPUIPlugin:65 - create IPUIPlugin
2020-05-03 19:43:08,276 [INFO] PluginManager:200 - loadIPPluginJar : add opamp
2020-05-03 19:43:08,279 [INFO] IPUIPlugin:65 - create IPUIPlugin
2020-05-03 19:43:08,279 [INFO] PluginManager:200 - loadIPPluginJar : add nvic
2020-05-03 19:43:08,281 [INFO] IPUIPlugin:65 - create IPUIPlugin
2020-05-03 19:43:08,281 [INFO] PluginManager:200 - loadIPPluginJar : add usart
2020-05-03 19:43:08,283 [INFO] IPUIPlugin:65 - create IPUIPlugin
2020-05-03 19:43:08,283 [INFO] PluginManager:200 - loadIPPluginJar : add i2c
2020-05-03 19:43:08,284 [INFO] IPUIPlugin:65 - create IPUIPlugin
2020-05-03 19:43:08,284 [INFO] PluginManager:200 - loadIPPluginJar : add tim
2020-05-03 19:43:08,285 [INFO] IPUIPlugin:65 - create IPUIPlugin
2020-05-03 19:43:08,286 [INFO] PluginManager:200 - loadIPPluginJar : add dfsdm
2020-05-03 19:43:08,287 [INFO] IPUIPlugin:65 - create IPUIPlugin
2020-05-03 19:43:08,287 [INFO] PluginManager:200 - loadIPPluginJar : add ucpd
2020-05-03 19:43:08,289 [INFO] IPUIPlugin:65 - create IPUIPlugin
2020-05-03 19:43:08,289 [INFO] PluginManager:200 - loadIPPluginJar : add touchsensing
2020-05-03 19:43:08,291 [INFO] IPUIPlugin:65 - create IPUIPlugin
2020-05-03 19:43:08,292 [INFO] PluginManager:200 - loadIPPluginJar : add mdma
2020-05-03 19:43:08,296 [INFO] IPUIPlugin:65 - create IPUIPlugin
2020-05-03 19:43:08,296 [INFO] PluginManager:200 - loadIPPluginJar : add dma
2020-05-03 19:43:08,300 [INFO] IPUIPlugin:65 - create IPUIPlugin
2020-05-03 19:43:08,300 [INFO] PluginManager:200 - loadIPPluginJar : add gic
2020-05-03 19:43:08,301 [INFO] IPUIPlugin:65 - create IPUIPlugin
2020-05-03 19:43:08,301 [INFO] PluginManager:200 - loadIPPluginJar : add genericplugin
2020-05-03 19:43:08,303 [INFO] IPUIPlugin:65 - create IPUIPlugin
2020-05-03 19:43:08,303 [INFO] PluginManager:200 - loadIPPluginJar : add hash
2020-05-03 19:43:08,304 [INFO] IPUIPlugin:65 - create IPUIPlugin
2020-05-03 19:43:08,304 [INFO] PluginManager:200 - loadIPPluginJar : add ts
2020-05-03 19:43:08,305 [INFO] IPUIPlugin:65 - create IPUIPlugin
2020-05-03 19:43:08,305 [INFO] PluginManager:200 - loadIPPluginJar : add ltdc
2020-05-03 19:43:08,306 [INFO] IPUIPlugin:65 - create IPUIPlugin
2020-05-03 19:43:08,307 [INFO] PluginManager:200 - loadIPPluginJar : add comp
2020-05-03 19:43:08,312 [INFO] IPUIPlugin:65 - create IPUIPlugin
2020-05-03 19:43:08,314 [INFO] PluginManager:200 - loadIPPluginJar : add plateformsettings
2020-05-03 19:43:08,317 [INFO] IPUIPlugin:65 - create IPUIPlugin
2020-05-03 19:43:08,317 [INFO] PluginManager:200 - loadIPPluginJar : add resmgrutility
2020-05-03 19:43:08,318 [INFO] IPUIPlugin:65 - create IPUIPlugin
2020-05-03 19:43:08,318 [INFO] PluginManager:200 - loadIPPluginJar : add tsc
2020-05-03 19:43:08,319 [INFO] IPUIPlugin:65 - create IPUIPlugin
2020-05-03 19:43:08,319 [INFO] PluginManager:200 - loadIPPluginJar : add fatfs
2020-05-03 19:43:08,322 [INFO] IPUIPlugin:65 - create IPUIPlugin
2020-05-03 19:43:08,322 [INFO] PluginManager:200 - loadIPPluginJar : add gpio
2020-05-03 19:43:08,326 [INFO] IPUIPlugin:65 - create IPUIPlugin
2020-05-03 19:43:08,326 [INFO] PluginManager:200 - loadIPPluginJar : add fmc
2020-05-03 19:43:08,327 [INFO] IPUIPlugin:65 - create IPUIPlugin
2020-05-03 19:43:08,327 [INFO] PluginManager:200 - loadIPPluginJar : add quadspi
2020-05-03 19:43:08,329 [INFO] IPUIPlugin:65 - create IPUIPlugin
2020-05-03 19:43:08,329 [INFO] PluginManager:200 - loadIPPluginJar : add gtzc
2020-05-03 19:43:08,330 [INFO] IPUIPlugin:65 - create IPUIPlugin
2020-05-03 19:43:08,331 [INFO] PluginManager:200 - loadIPPluginJar : add pdm2pcm
2020-05-03 19:43:08,333 [INFO] IPUIPlugin:65 - create IPUIPlugin
2020-05-03 19:43:08,334 [INFO] PluginManager:200 - loadIPPluginJar : add gfxsimulator
2020-05-03 19:43:08,335 [INFO] IPUIPlugin:65 - create IPUIPlugin
2020-05-03 19:43:08,335 [INFO] PluginManager:200 - loadIPPluginJar : add cryp
2020-05-03 19:43:08,337 [INFO] IPUIPlugin:65 - create IPUIPlugin
2020-05-03 19:43:08,338 [INFO] PluginManager:200 - loadIPPluginJar : add sai
2020-05-03 19:43:08,362 [INFO] IPUIPlugin:65 - create IPUIPlugin
2020-05-03 19:43:08,362 [INFO] PluginManager:200 - loadIPPluginJar : add freertos
2020-05-03 19:43:08,461 [INFO] BoardConnectionPanel:226 - [DDR PANEL] osNameString: Linux
2020-05-03 19:43:08,559 [INFO] BoardConnectionPanel:3472 - [DDR PANEL] STM32CubeIDE environment
2020-05-03 19:43:08,559 [INFO] MainDdrPanel:103 - [DDR PANEL] GETTER - cubeProgrammerPath is: null
2020-05-03 19:43:08,689 [FATAL] Updater:277 - Updater called before beeing initialized
2020-05-03 19:43:08,788 [FATAL] Updater:277 - Updater called before beeing initialized
2020-05-03 19:43:08,799 [INFO] PinOutPanel:1399 - setPackage(No Configuration,No Configuration)
2020-05-03 19:43:08,799 [FATAL] Updater:277 - Updater called before beeing initialized
2020-05-03 19:43:08,803 [INFO] BoardConnectionPanel:3472 - [DDR PANEL] STM32CubeIDE environment
2020-05-03 19:43:08,804 [INFO] MainDdrPanel:103 - [DDR PANEL] GETTER - cubeProgrammerPath is: /opt/st/stm32cubeide_1.2.0/plugins/com.st.stm32cube.ide.mcu.externaltools.cubeprogrammer.linux64_1.1.0.201910081157/tools/bin
2020-05-03 19:43:08,807 [INFO] ProgrammerExecThread:148 - [ProgrammerAPI] CubeProgrammer command construction: /opt/st/stm32cubeide_1.2.0/plugins/com.st.stm32cube.ide.mcu.externaltools.cubeprogrammer.linux64_1.1.0.201910081157/tools/bin/STM32_Programmer_CLI -l
2020-05-03 19:43:08,926 [INFO] MainDdrPanel:93 - [DDR PANEL] SETTER - Set cubeProgrammerPath to: /opt/st/stm32cubeide_1.2.0/plugins/com.st.stm32cube.ide.mcu.externaltools.cubeprogrammer.linux64_1.1.0.201910081157/tools/bin
2020-05-03 19:43:08,930 [INFO] Updater:886 - Updater Version found : 5.5.0
2020-05-03 19:43:08,943 [INFO] ApplicationProperties:181 - Using Application install path: /opt/st/stm32cubeide_1.2.0/plugins/com.st.stm32cube.common.mx_5.5.0.201912201511
2020-05-03 19:43:09,097 [INFO] MainUpdater:2230 - connection check result : 10
2020-05-03 19:43:09,098 [INFO] MainUpdater:236 - Updater Check For Update Now.
2020-05-03 19:43:09,098 [INFO] MicroXplorer:420 - Change Database Version : DB.5.0.50
2020-05-03 19:43:09,131 [INFO] CheckServerUpdateThread:92 - End of CheckServer Thread
2020-05-03 19:43:09,301 [INFO] MainUpdater:2230 - connection check result : 10
2020-05-03 19:43:09,301 [INFO] LogOutputStream:76 - [STDOUT_REDIRECT] Successfull proxy connection.
2020-05-03 19:43:09,406 [INFO] McuFinderGlobals:40 - Set McuFinder mode to 2 (CubeIDE integrated)
2020-05-03 19:43:09,419 [INFO] FinderPluginLoader:86 - Searching for filters in installed packs
2020-05-03 19:43:09,420 [INFO] DbMcusXml:107 - Load MCU database from /opt/st/stm32cubeide_1.2.0/plugins/com.st.stm32cube.common.mx_5.5.0.201912201511//db//mcu/families.xml
2020-05-03 19:43:10,176 [INFO] DbMcusJson:87 - JSON generation date=Wed Apr 15 07:54:18 CEST 2020 (1586930058)
2020-05-03 19:43:11,007 [INFO] DbMcus:192 - Found 1628 MCUs (1588 are supported by CubeMX, 1588 are visible in CubeMX)
2020-05-03 19:43:11,023 [INFO] ApiDb:158 - Load user favorites file /home/lewy/.stm32cubeide/favorites.mcus.txt: 0 item(s)
2020-05-03 19:43:11,023 [INFO] ApiDb:163 - User favorites MCUs=[]
2020-05-03 19:43:11,024 [INFO] DbMcus:203 - Set 0 / 0 favorites MCUs
2020-05-03 19:43:11,185 [INFO] ThirdPartyDb:261 - Close Third Party DataBase File (/home/lewy/.stm32cubemx/plugins/thirdparty/db/thirdparties_db.xml)
2020-05-03 19:43:11,222 [INFO] IntegrityCheckThread:98 - End integrity checks thread
2020-05-03 19:43:11,978 [INFO] DbMcusAds:130 - JSON generation date=Thu Mar 12 16:08:29 CET 2020 (1584025709)
2020-05-03 19:43:11,984 [INFO] LoadUrlFilesThread:161 - End of LoadServerUrlFiles without Thread
2020-05-03 19:43:12,073 [INFO] McuDetailPanel:181 - Set advertising image to /home/lewy/STM32Cube/Repository//STM32L4_MCUs_N4239S_big.jpg
2020-05-03 19:43:12,837 [INFO] ServerAccessManage:348 - Download File mcusDocs.json
2020-05-03 19:43:12,914 [INFO] LoadUrlFilesThread:134 - End of LoadUrlFiles Thread
2020-05-03 19:43:13,151 [INFO] ServerAccessManage:348 - Download File mcusFeaturesAndDescription.json
2020-05-03 19:43:14,306 [INFO] LoadUrlFilesThread:134 - End of LoadUrlFiles Thread
2020-05-03 19:43:14,431 [INFO] ServerAccessManage:348 - Download File mcusAds.json
2020-05-03 19:43:14,462 [INFO] LoadUrlFilesThread:134 - End of LoadUrlFiles Thread
2020-05-03 19:43:14,571 [INFO] ServerAccessManage:348 - Download File boardsDocs.json
2020-05-03 19:43:14,622 [INFO] LoadUrlFilesThread:134 - End of LoadUrlFiles Thread
2020-05-03 19:43:14,634 [INFO] DbMcusDocs:126 - JSON generation date=Thu Apr 16 16:39:08 CEST 2020 (1587047948)
2020-05-03 19:43:14,779 [INFO] DbMcusDocs:61 - Found 563 MCUs documents
2020-05-03 19:43:14,779 [INFO] ApiDb:186 - Save user favorites file /home/lewy/.stm32cubeide/favorites.mcus.txt: 0 item(s)
2020-05-03 19:43:14,779 [INFO] ApiDb:191 - User favorites MCUs=[]
2020-05-03 19:43:14,780 [INFO] DbMcusXml:107 - Load MCU database from /opt/st/stm32cubeide_1.2.0/plugins/com.st.stm32cube.common.mx_5.5.0.201912201511//db//mcu/families.xml
2020-05-03 19:43:15,146 [INFO] DbMcusJson:87 - JSON generation date=Wed Apr 15 07:54:18 CEST 2020 (1586930058)
2020-05-03 19:43:15,614 [INFO] DbMcus:192 - Found 1628 MCUs (1588 are supported by CubeMX, 1588 are visible in CubeMX)
2020-05-03 19:43:15,614 [INFO] ApiDb:158 - Load user favorites file /home/lewy/.stm32cubeide/favorites.mcus.txt: 0 item(s)
2020-05-03 19:43:15,614 [INFO] ApiDb:163 - User favorites MCUs=[]
2020-05-03 19:43:15,615 [INFO] DbMcus:203 - Set 0 / 0 favorites MCUs
2020-05-03 19:43:15,655 [INFO] McuFilterPanel:282 - Update 0 favorites MCUs
2020-05-03 19:43:15,883 [INFO] DbBoardsDocs:118 - JSON generation date=Wed Apr 15 07:54:18 CEST 2020 (1586930058)
2020-05-03 19:43:15,981 [INFO] DbBoardsPdsc:92 - Found 39 items
2020-05-03 19:43:15,998 [INFO] DbBoardsPdsc:92 - Found 4 items
2020-05-03 19:43:16,000 [INFO] DbBoardsPdsc:92 - Found 2 items
2020-05-03 19:43:16,009 [INFO] DbBoardsPdsc:92 - Found 27 items
2020-05-03 19:43:16,010 [INFO] DbBoardsPdsc:92 - Found 1 items
2020-05-03 19:43:16,013 [INFO] DbBoardsPdsc:92 - Found 21 items
2020-05-03 19:43:16,034 [INFO] DbBoardsPdsc:92 - Found 40 items
2020-05-03 19:43:16,036 [INFO] DbBoardsPdsc:92 - Found 9 items
2020-05-03 19:43:16,039 [WARN] DbBoardsPdsc:256 - Board STM32H7B3I-EVAL: unknown feature type=Audio, name=, username=Multi-Channel Audio Codec (CS42L51-CNZ), n=1
2020-05-03 19:43:16,040 [WARN] DbBoardsPdsc:256 - Board STM32H7B3I-EVAL: unknown feature type=Meter, name=, username=Power-metering and Temperature-monitoring with sigma-delta modulators, n=1
2020-05-03 19:43:16,040 [WARN] DbBoardsPdsc:256 - Board STM32H7B3I-EVAL: unknown feature type=WIFI, name=, username=WIFI 802.11 a/b/g/n, n=1
2020-05-03 19:43:16,040 [WARN] DbBoardsPdsc:256 - Board STM32H7B3I-EVAL: unknown feature type=Motor, name=, username=Motor Control, n=1
2020-05-03 19:43:16,040 [WARN] DbBoardsPdsc:256 - Board STEVAL-IDP005V1: unknown feature type=PWRSock, name=Power Socket, username=IO-Link 4-position M12 A-coded connector, n=1
2020-05-03 19:43:16,040 [WARN] DbBoardsPdsc:256 - Board STEVAL-IDP005V2: unknown feature type=PWRSock, name=Power Socket, username=IO-Link 4-position M12 A-coded connector, n=1
2020-05-03 19:43:16,042 [WARN] DbBoardsPdsc:256 - Board STM32H7B3I-DK: unknown feature type=Audio, name=, username=Audio stereo codec with Headphone Amp (CS42L51-CNZ), n=1
2020-05-03 19:43:16,042 [WARN] DbBoardsPdsc:256 - Board STM32H7B3I-DK: unknown feature type=WIFI, name=, username=WIFI 802.11 b/g/n, n=1
2020-05-03 19:43:16,058 [INFO] DbBoardsJson:79 - JSON generation date=Tue Feb 11 14:53:55 CET 2020 (1581429235)
2020-05-03 19:43:16,063 [INFO] DbBoards:120 - Found 144 boards (140 are supported by CubeMX)
2020-05-03 19:43:16,066 [INFO] DbBoardsDocs:118 - JSON generation date=Wed Apr 15 07:54:18 CEST 2020 (1586930058)
2020-05-03 19:43:16,072 [INFO] DbBoardsDocs:57 - Found 157 boards documents
2020-05-03 19:43:16,073 [WARN] DbBoards:130 - board STM32091C-EVAL has no document id list !
2020-05-03 19:43:16,073 [WARN] DbBoards:130 - board STM3210C-EVAL has no document id list !
2020-05-03 19:43:16,073 [WARN] DbBoards:130 - board STM32100E-EVAL has no document id list !
2020-05-03 19:43:16,073 [WARN] DbBoards:130 - board STM3221G-EVAL has no document id list !
2020-05-03 19:43:16,073 [WARN] DbBoards:130 - board STM32303C-EVAL has no document id list !
2020-05-03 19:43:16,073 [WARN] DbBoards:130 - board STM32L152D-EVAL has no document id list !
2020-05-03 19:43:16,073 [WARN] DbBoards:130 - board STM32746G-EVAL2 has no document id list !
2020-05-03 19:43:16,073 [WARN] DbBoards:130 - board STM32F779I-EVAL has no document id list !
2020-05-03 19:43:16,073 [WARN] DbBoards:130 - board STM32479I-EVAL has no document id list !
2020-05-03 19:43:16,074 [WARN] DbBoards:130 - board STM32H743I-EVAL2 has no document id list !
2020-05-03 19:43:16,074 [WARN] DbBoards:152 - board STM32H7B3I-EVAL / document id not found: 4596
2020-05-03 19:43:16,074 [WARN] DbBoards:130 - board STM32H753I-EVAL2 has no document id list !
2020-05-03 19:43:16,074 [WARN] DbBoards:130 - board STM32G474E-EVAL1 has no document id list !
2020-05-03 19:43:16,074 [WARN] DbBoards:130 - board STEVAL-MKSBOX1V1 has no document id list !
2020-05-03 19:43:16,074 [WARN] DbBoards:130 - board STEVAL-STWINKT1 has no document id list !
2020-05-03 19:43:16,074 [WARN] DbBoards:130 - board STEVAL-IDP005V1 has no document id list !
2020-05-03 19:43:16,074 [WARN] DbBoards:130 - board STEVAL-IDP005V2 has no document id list !
2020-05-03 19:43:16,074 [WARN] DbBoards:130 - board STEVAL-BFA001V1B has no document id list !
2020-05-03 19:43:16,074 [WARN] DbBoards:130 - board STEVAL-BFA001V2B has no document id list !
2020-05-03 19:43:16,075 [WARN] DbBoards:130 - board P-NUCLEO-WB55-Nucleo has no document id list !
2020-05-03 19:43:16,075 [WARN] DbBoards:130 - board P-NUCLEO-WB55-USBDongle has no document id list !
2020-05-03 19:43:16,076 [WARN] DbBoards:130 - board NUCLEO-H743ZI2 has no document id list !
2020-05-03 19:43:16,076 [WARN] DbBoards:130 - board NUCLEO-L4P5ZG has no document id list !
2020-05-03 19:43:16,076 [WARN] DbBoards:130 - board STM32F401C-DISCO has no document id list !
2020-05-03 19:43:16,076 [WARN] DbBoards:130 - board STM32F769I-DISC1 has no document id list !
2020-05-03 19:43:16,076 [WARN] DbBoards:152 - board STM32F723E-DISCO / document id not found: 4598
2020-05-03 19:43:16,077 [WARN] DbBoards:130 - board STM32L-DISCOVERY has no document id list !
2020-05-03 19:43:16,077 [WARN] DbBoards:152 - board STM32L496G-DISCO / document id not found: 4598
2020-05-03 19:43:16,077 [WARN] DbBoards:152 - board STM32H747I-DISCO / document id not found: 4598
2020-05-03 19:43:16,077 [WARN] DbBoards:130 - board STM32H747I-DISC1 has no document id list !
2020-05-03 19:43:16,077 [WARN] DbBoards:152 - board STM32H745I-DISCO / document id not found: 4598
2020-05-03 19:43:16,077 [WARN] DbBoards:152 - board STM32H750B-DK / document id not found: 4598
2020-05-03 19:43:16,077 [WARN] DbBoards:152 - board STM32H7B3I-DK / document id not found: 4598
2020-05-03 19:43:16,077 [WARN] DbBoards:152 - board STM32L4R9I-DISCO / document id not found: 4598
2020-05-03 19:43:16,078 [WARN] DbBoards:130 - board STM32MP157A-DK1 has no document id list !
2020-05-03 19:43:16,078 [WARN] DbBoards:152 - board STM32L562E-DK / document id not found: 4598
2020-05-03 19:43:16,078 [WARN] DbBoards:130 - board STM32L4P5G-DK has no document id list !
2020-05-03 19:43:16,510 [ERROR] DbBoards:192 - Image file not found for board STM32H747I-EVAL: /opt/st/stm32cubeide_1.2.0/plugins/com.st.stm32cube.common.mx_5.5.0.201912201511//db//plugins/mcufinder/images/boards/stm32h747ieval_small.jpg
2020-05-03 19:43:16,510 [ERROR] DbBoards:192 - Image file not found for board STM32H757I-EVAL: /opt/st/stm32cubeide_1.2.0/plugins/com.st.stm32cube.common.mx_5.5.0.201912201511//db//plugins/mcufinder/images/boards/stm32h747ieval_small.jpg
2020-05-03 19:43:16,916 [ERROR] DbBoards:192 - Image file not found for board P-NUCLEO-WB55: /opt/st/stm32cubeide_1.2.0/plugins/com.st.stm32cube.common.mx_5.5.0.201912201511//db//plugins/mcufinder/images/boards/p-nucleo-wb55_small.jpg
2020-05-03 19:43:17,600 [ERROR] DbBoards:192 - Image file not found for board STM32H7B3I-DK: /opt/st/stm32cubeide_1.2.0/plugins/com.st.stm32cube.common.mx_5.5.0.201912201511//db//plugins/mcufinder/images/boards/stm32h7b3i-dk_small.jpg
2020-05-03 19:43:17,788 [INFO] ApiDb:158 - Load user favorites file /home/lewy/.stm32cubeide/favorites.boards.txt: 0 item(s)
2020-05-03 19:43:17,788 [INFO] ApiDb:163 - User favorites Boards=[]
2020-05-03 19:43:17,788 [INFO] DbBoards:209 - Set 0 / 0 favorites Boards
2020-05-03 19:43:17,793 [INFO] DbBoardsDocs:57 - Found 314 boards documents
2020-05-03 19:43:17,793 [INFO] ApiDb:186 - Save user favorites file /home/lewy/.stm32cubeide/favorites.boards.txt: 0 item(s)
2020-05-03 19:43:17,793 [INFO] ApiDb:191 - User favorites Boards=[]
2020-05-03 19:43:17,797 [INFO] DbBoardsPdsc:92 - Found 39 items
2020-05-03 19:43:17,798 [INFO] DbBoardsPdsc:92 - Found 4 items
2020-05-03 19:43:17,798 [INFO] DbBoardsPdsc:92 - Found 2 items
2020-05-03 19:43:17,800 [INFO] DbBoardsPdsc:92 - Found 27 items
2020-05-03 19:43:17,800 [INFO] DbBoardsPdsc:92 - Found 1 items
2020-05-03 19:43:17,802 [INFO] DbBoardsPdsc:92 - Found 21 items
2020-05-03 19:43:17,804 [INFO] DbBoardsPdsc:92 - Found 40 items
2020-05-03 19:43:17,805 [INFO] DbBoardsPdsc:92 - Found 9 items
2020-05-03 19:43:17,806 [WARN] DbBoardsPdsc:256 - Board STM32H7B3I-EVAL: unknown feature type=Audio, name=, username=Multi-Channel Audio Codec (CS42L51-CNZ), n=1
2020-05-03 19:43:17,807 [WARN] DbBoardsPdsc:256 - Board STM32H7B3I-EVAL: unknown feature type=Meter, name=, username=Power-metering and Temperature-monitoring with sigma-delta modulators, n=1
2020-05-03 19:43:17,807 [WARN] DbBoardsPdsc:256 - Board STM32H7B3I-EVAL: unknown feature type=WIFI, name=, username=WIFI 802.11 a/b/g/n, n=1
2020-05-03 19:43:17,807 [WARN] DbBoardsPdsc:256 - Board STM32H7B3I-EVAL: unknown feature type=Motor, name=, username=Motor Control, n=1
2020-05-03 19:43:17,807 [WARN] DbBoardsPdsc:256 - Board STEVAL-IDP005V1: unknown feature type=PWRSock, name=Power Socket, username=IO-Link 4-position M12 A-coded connector, n=1
2020-05-03 19:43:17,807 [WARN] DbBoardsPdsc:256 - Board STEVAL-IDP005V2: unknown feature type=PWRSock, name=Power Socket, username=IO-Link 4-position M12 A-coded connector, n=1
2020-05-03 19:43:17,809 [WARN] DbBoardsPdsc:256 - Board STM32H7B3I-DK: unknown feature type=Audio, name=, username=Audio stereo codec with Headphone Amp (CS42L51-CNZ), n=1
2020-05-03 19:43:17,809 [WARN] DbBoardsPdsc:256 - Board STM32H7B3I-DK: unknown feature type=WIFI, name=, username=WIFI 802.11 b/g/n, n=1
2020-05-03 19:43:17,816 [INFO] DbBoardsJson:79 - JSON generation date=Tue Feb 11 14:53:55 CET 2020 (1581429235)
2020-05-03 19:43:17,819 [INFO] DbBoards:120 - Found 144 boards (140 are supported by CubeMX)
2020-05-03 19:43:17,819 [WARN] DbBoards:130 - board STM32091C-EVAL has no document id list !
2020-05-03 19:43:17,820 [WARN] DbBoards:130 - board STM3210C-EVAL has no document id list !
2020-05-03 19:43:17,820 [WARN] DbBoards:130 - board STM32100E-EVAL has no document id list !
2020-05-03 19:43:17,820 [WARN] DbBoards:130 - board STM3221G-EVAL has no document id list !
2020-05-03 19:43:17,820 [WARN] DbBoards:130 - board STM32303C-EVAL has no document id list !
2020-05-03 19:43:17,820 [WARN] DbBoards:130 - board STM32L152D-EVAL has no document id list !
2020-05-03 19:43:17,820 [WARN] DbBoards:130 - board STM32746G-EVAL2 has no document id list !
2020-05-03 19:43:17,820 [WARN] DbBoards:130 - board STM32F779I-EVAL has no document id list !
2020-05-03 19:43:17,820 [WARN] DbBoards:130 - board STM32479I-EVAL has no document id list !
2020-05-03 19:43:17,820 [WARN] DbBoards:130 - board STM32H743I-EVAL2 has no document id list !
2020-05-03 19:43:17,820 [WARN] DbBoards:152 - board STM32H7B3I-EVAL / document id not found: 4596
2020-05-03 19:43:17,820 [WARN] DbBoards:130 - board STM32H753I-EVAL2 has no document id list !
2020-05-03 19:43:17,821 [WARN] DbBoards:130 - board STM32G474E-EVAL1 has no document id list !
2020-05-03 19:43:17,821 [WARN] DbBoards:130 - board STEVAL-MKSBOX1V1 has no document id list !
2020-05-03 19:43:17,821 [WARN] DbBoards:130 - board STEVAL-STWINKT1 has no document id list !
2020-05-03 19:43:17,821 [WARN] DbBoards:130 - board STEVAL-IDP005V1 has no document id list !
2020-05-03 19:43:17,821 [WARN] DbBoards:130 - board STEVAL-IDP005V2 has no document id list !
2020-05-03 19:43:17,821 [WARN] DbBoards:130 - board STEVAL-BFA001V1B has no document id list !
2020-05-03 19:43:17,821 [WARN] DbBoards:130 - board STEVAL-BFA001V2B has no document id list !
2020-05-03 19:43:17,822 [WARN] DbBoards:130 - board P-NUCLEO-WB55-Nucleo has no document id list !
2020-05-03 19:43:17,822 [WARN] DbBoards:130 - board P-NUCLEO-WB55-USBDongle has no document id list !
2020-05-03 19:43:17,822 [WARN] DbBoards:130 - board NUCLEO-H743ZI2 has no document id list !
2020-05-03 19:43:17,822 [WARN] DbBoards:130 - board NUCLEO-L4P5ZG has no document id list !
2020-05-03 19:43:17,823 [WARN] DbBoards:130 - board STM32F401C-DISCO has no document id list !
2020-05-03 19:43:17,823 [WARN] DbBoards:130 - board STM32F769I-DISC1 has no document id list !
2020-05-03 19:43:17,823 [WARN] DbBoards:152 - board STM32F723E-DISCO / document id not found: 4598
2020-05-03 19:43:17,823 [WARN] DbBoards:130 - board STM32L-DISCOVERY has no document id list !
2020-05-03 19:43:17,823 [WARN] DbBoards:152 - board STM32L496G-DISCO / document id not found: 4598
2020-05-03 19:43:17,824 [WARN] DbBoards:152 - board STM32H747I-DISCO / document id not found: 4598
2020-05-03 19:43:17,824 [WARN] DbBoards:130 - board STM32H747I-DISC1 has no document id list !
2020-05-03 19:43:17,824 [WARN] DbBoards:152 - board STM32H745I-DISCO / document id not found: 4598
2020-05-03 19:43:17,824 [WARN] DbBoards:152 - board STM32H750B-DK / document id not found: 4598
2020-05-03 19:43:17,824 [WARN] DbBoards:152 - board STM32H7B3I-DK / document id not found: 4598
2020-05-03 19:43:17,824 [WARN] DbBoards:152 - board STM32L4R9I-DISCO / document id not found: 4598
2020-05-03 19:43:17,824 [WARN] DbBoards:130 - board STM32MP157A-DK1 has no document id list !
2020-05-03 19:43:17,824 [WARN] DbBoards:152 - board STM32L562E-DK / document id not found: 4598
2020-05-03 19:43:17,824 [WARN] DbBoards:130 - board STM32L4P5G-DK has no document id list !
2020-05-03 19:43:17,957 [ERROR] DbBoards:192 - Image file not found for board STM32H747I-EVAL: /opt/st/stm32cubeide_1.2.0/plugins/com.st.stm32cube.common.mx_5.5.0.201912201511//db//plugins/mcufinder/images/boards/stm32h747ieval_small.jpg
2020-05-03 19:43:17,957 [ERROR] DbBoards:192 - Image file not found for board STM32H757I-EVAL: /opt/st/stm32cubeide_1.2.0/plugins/com.st.stm32cube.common.mx_5.5.0.201912201511//db//plugins/mcufinder/images/boards/stm32h747ieval_small.jpg
2020-05-03 19:43:18,123 [ERROR] DbBoards:192 - Image file not found for board P-NUCLEO-WB55: /opt/st/stm32cubeide_1.2.0/plugins/com.st.stm32cube.common.mx_5.5.0.201912201511//db//plugins/mcufinder/images/boards/p-nucleo-wb55_small.jpg
2020-05-03 19:43:18,306 [ERROR] DbBoards:192 - Image file not found for board STM32H7B3I-DK: /opt/st/stm32cubeide_1.2.0/plugins/com.st.stm32cube.common.mx_5.5.0.201912201511//db//plugins/mcufinder/images/boards/stm32h7b3i-dk_small.jpg
2020-05-03 19:43:18,365 [INFO] ApiDb:158 - Load user favorites file /home/lewy/.stm32cubeide/favorites.boards.txt: 0 item(s)
2020-05-03 19:43:18,365 [INFO] ApiDb:163 - User favorites Boards=[]
2020-05-03 19:43:18,365 [INFO] DbBoards:209 - Set 0 / 0 favorites Boards
2020-05-03 19:43:18,484 [INFO] LoadUrlFilesThread:161 - End of LoadServerUrlFiles without Thread
2020-05-03 19:43:18,485 [INFO] McuFilterPanel:282 - Update 0 favorites MCUs
2020-05-03 19:43:18,634 [INFO] LoadUrlFilesThread:161 - End of LoadServerUrlFiles without Thread
2020-05-03 19:43:18,635 [INFO] BoardDetailPanel:179 - Set advertising image to /home/lewy/STM32Cube/Repository//STM32L4_MCUs_N4239S_big.jpg
2020-05-03 19:43:18,654 [INFO] BoardFilterPanel:211 - Update 0 favorites Boards
2020-05-03 19:43:18,731 [INFO] CrossSelectorPresenter:1319 - Cross Selector saved comparison directory: /home/lewy/.stmcufinder/plugins/mcufinder/mcu/cs_comparisons_mx
2020-05-03 19:43:50,516 [INFO] LogOutputStream:76 - [STDOUT_REDIRECT] withoutVersionV1.24.2
2020-05-03 19:43:50,516 [INFO] LogOutputStream:76 - [STDOUT_REDIRECT] withoutVersionV1.24.1
2020-05-03 19:43:50,517 [INFO] LogOutputStream:76 - [STDOUT_REDIRECT] withoutVersionV1.24.0
2020-05-03 19:43:53,609 [INFO] LogOutputStream:76 - [STDOUT_REDIRECT] File copied successfully!!
2020-05-03 19:43:55,788 [INFO] MainUpdater:2230 - connection check result : 10
2020-05-03 19:43:55,828 [INFO] MicroXplorer:390 - Change Database Path : 
2020-05-03 19:43:55,828 [INFO] MicroXplorer:420 - Change Database Version : DB.5.0.50
2020-05-03 19:43:55,829 [INFO] PinOutPanel:1399 - setPackage(No Configuration,No Configuration)
2020-05-03 19:43:55,829 [INFO] UtilMem:74 - Begin LoadConfig() Used Memory: 405935864 Bytes (668991488)
2020-05-03 19:43:55,830 [INFO] MicroXplorer:390 - Change Database Path : 
2020-05-03 19:43:55,830 [INFO] MicroXplorer:420 - Change Database Version : DB.5.0.50
2020-05-03 19:43:55,830 [INFO] OpenFileManager:274 - Change cursor
2020-05-03 19:43:57,585 [INFO] ImportTextPane:162 - (OptionalMessage_ERROR) Unable to find key (Mcu.ThirdPartyNb) in loaded IOC file
2020-05-03 19:43:57,585 [INFO] ImportTextPane:162 - (OptionalMessage_ERROR) Unable to find key (Mcu.PinsNb) in loaded IOC file
2020-05-03 19:43:57,585 [INFO] ImportTextPane:162 - (OptionalMessage_ERROR) Unable to find key (Mcu.IPNb) in loaded IOC file
2020-05-03 19:43:57,768 [INFO] UtilMem:74 - End LoadConfig() Used Memory: 312594872 Bytes (668991488)
2020-05-03 19:43:57,775 [INFO] ThirdPartyDb:295 - Open Third Party DataBase File (/home/lewy/.stm32cubemx/plugins/thirdparty/db/thirdparties_db.xml) : 3 ms. number of Sw pack : 11
2020-05-03 19:43:57,822 [INFO] ThirdParty:899 - CMSIS Pack Vendor :STMicroelectronics X-CUBE-BLE1 5.0.0
2020-05-03 19:43:57,822 [INFO] ThirdParty:899 - CMSIS Pack Vendor :STMicroelectronics X-CUBE-SUBG2 1.1.0
2020-05-03 19:43:57,823 [INFO] ThirdParty:899 - CMSIS Pack Vendor :STMicroelectronics X-CUBE-GNSS1 4.1.0
2020-05-03 19:43:57,823 [INFO] ThirdParty:899 - CMSIS Pack Vendor :ARM CMSIS 5.6.0
2020-05-03 19:43:57,823 [INFO] ThirdParty:899 - CMSIS Pack Vendor :STMicroelectronics X-CUBE-TOUCHGFX 4.13.0
2020-05-03 19:43:57,823 [INFO] ThirdParty:899 - CMSIS Pack Vendor :STMicroelectronics X-CUBE-NFC4 1.5.2
2020-05-03 19:43:57,823 [INFO] ThirdParty:899 - CMSIS Pack Vendor :STMicroelectronics X-CUBE-MEMS1 7.1.0
2020-05-03 19:43:57,823 [INFO] ThirdParty:899 - CMSIS Pack Vendor :STMicroelectronics FreeRTOS 0.0.1
2020-05-03 19:43:57,823 [INFO] ThirdParty:899 - CMSIS Pack Vendor :STMicroelectronics X-CUBE-ALGOBUILD 1.0.0
2020-05-03 19:43:57,823 [INFO] ThirdParty:899 - CMSIS Pack Vendor :STMicroelectronics X-CUBE-AI 5.0.0
2020-05-03 19:43:57,823 [INFO] ThirdParty:899 - CMSIS Pack Vendor :STMicroelectronics X-CUBE-BLE2 1.0.0
2020-05-03 19:43:58,020 [INFO] PinOutPanel:1399 - setPackage(No Configuration,No Configuration)
2020-05-03 19:43:58,021 [INFO] PinOutPanel:1399 - setPackage(STM32F407VGTx,LQFP100)
2020-05-03 19:43:58,288 [INFO] UtilMem:74 - Before build in PCC Used Memory: 428760352 Bytes (668991488)
2020-05-03 19:43:58,442 [INFO] SharedServices:71 - Folder for power plug-in: /home/lewy/.stm32cubemx/plugins/power
2020-05-03 19:43:58,443 [INFO] UtilMem:74 - After build in PCC Used Memory: 443440416 Bytes (668991488)
2020-05-03 19:43:58,456 [INFO] IPUIPlugin:65 - create IPUIPlugin
2020-05-03 19:43:58,456 [INFO] IPUIPlugin:65 - create IPUIPlugin
2020-05-03 19:43:58,457 [INFO] IPUIPlugin:65 - create IPUIPlugin
2020-05-03 19:43:58,457 [INFO] IPUIPlugin:65 - create IPUIPlugin
2020-05-03 19:43:58,457 [INFO] IPUIPlugin:65 - create IPUIPlugin
2020-05-03 19:43:58,457 [INFO] IPUIPlugin:65 - create IPUIPlugin
2020-05-03 19:43:58,457 [INFO] IPUIPlugin:65 - create IPUIPlugin
2020-05-03 19:43:58,457 [INFO] IPUIPlugin:65 - create IPUIPlugin
2020-05-03 19:43:58,457 [INFO] IPUIPlugin:65 - create IPUIPlugin
2020-05-03 19:43:58,457 [INFO] IPUIPlugin:65 - create IPUIPlugin
2020-05-03 19:43:58,457 [INFO] IPUIPlugin:65 - create IPUIPlugin
2020-05-03 19:43:58,458 [INFO] IPUIPlugin:65 - create IPUIPlugin
2020-05-03 19:43:58,458 [INFO] IPUIPlugin:65 - create IPUIPlugin
2020-05-03 19:43:58,458 [INFO] IPUIPlugin:65 - create IPUIPlugin
2020-05-03 19:43:58,458 [INFO] IPUIPlugin:65 - create IPUIPlugin
2020-05-03 19:43:58,458 [INFO] IPUIPlugin:65 - create IPUIPlugin
2020-05-03 19:43:58,458 [INFO] IPUIPlugin:65 - create IPUIPlugin
2020-05-03 19:43:58,458 [INFO] IPUIPlugin:65 - create IPUIPlugin
2020-05-03 19:43:58,458 [INFO] IPUIPlugin:65 - create IPUIPlugin
2020-05-03 19:43:58,458 [INFO] IPUIPlugin:65 - create IPUIPlugin
2020-05-03 19:43:58,458 [INFO] IPUIPlugin:65 - create IPUIPlugin
2020-05-03 19:43:58,459 [INFO] IPUIPlugin:65 - create IPUIPlugin
2020-05-03 19:43:58,459 [INFO] IPUIPlugin:65 - create IPUIPlugin
2020-05-03 19:43:58,459 [INFO] IPUIPlugin:65 - create IPUIPlugin
2020-05-03 19:43:58,459 [INFO] IPUIPlugin:65 - create IPUIPlugin
2020-05-03 19:43:58,459 [INFO] IPUIPlugin:65 - create IPUIPlugin
2020-05-03 19:43:58,459 [INFO] IPUIPlugin:65 - create IPUIPlugin
2020-05-03 19:43:58,459 [INFO] IPUIPlugin:65 - create IPUIPlugin
2020-05-03 19:43:58,459 [INFO] IPUIPlugin:65 - create IPUIPlugin
2020-05-03 19:43:58,460 [INFO] IPUIPlugin:65 - create IPUIPlugin
2020-05-03 19:43:58,460 [INFO] IPUIPlugin:65 - create IPUIPlugin
2020-05-03 19:43:58,460 [INFO] IPUIPlugin:65 - create IPUIPlugin
2020-05-03 19:43:58,460 [INFO] IPUIPlugin:65 - create IPUIPlugin
2020-05-03 19:43:58,460 [INFO] IPUIPlugin:65 - create IPUIPlugin
2020-05-03 19:43:58,460 [INFO] IPUIPlugin:65 - create IPUIPlugin
2020-05-03 19:43:58,460 [INFO] IPUIPlugin:65 - create IPUIPlugin
2020-05-03 19:43:58,460 [INFO] IPUIPlugin:65 - create IPUIPlugin
2020-05-03 19:43:58,460 [INFO] IPUIPlugin:65 - create IPUIPlugin
2020-05-03 19:43:58,460 [INFO] IPUIPlugin:65 - create IPUIPlugin
2020-05-03 19:43:58,460 [INFO] IPUIPlugin:65 - create IPUIPlugin
2020-05-03 19:43:58,461 [INFO] IPUIPlugin:65 - create IPUIPlugin
2020-05-03 19:43:58,461 [INFO] IPUIPlugin:65 - create IPUIPlugin
2020-05-03 19:43:58,461 [INFO] IPUIPlugin:65 - create IPUIPlugin
2020-05-03 19:43:58,461 [INFO] IPUIPlugin:65 - create IPUIPlugin
2020-05-03 19:43:58,461 [INFO] IPUIPlugin:65 - create IPUIPlugin
2020-05-03 19:43:58,461 [INFO] IPUIPlugin:65 - create IPUIPlugin
2020-05-03 19:43:58,461 [INFO] IPUIPlugin:65 - create IPUIPlugin
2020-05-03 19:43:58,461 [INFO] IPUIPlugin:65 - create IPUIPlugin
2020-05-03 19:43:58,461 [INFO] IPUIPlugin:65 - create IPUIPlugin
2020-05-03 19:43:58,461 [INFO] IPUIPlugin:65 - create IPUIPlugin
2020-05-03 19:43:58,461 [INFO] IPUIPlugin:65 - create IPUIPlugin
2020-05-03 19:43:58,462 [INFO] IPUIPlugin:65 - create IPUIPlugin
2020-05-03 19:43:58,462 [INFO] IPUIPlugin:65 - create IPUIPlugin
2020-05-03 19:43:58,462 [INFO] IPUIPlugin:65 - create IPUIPlugin
2020-05-03 19:43:58,462 [INFO] IPUIPlugin:65 - create IPUIPlugin
2020-05-03 19:43:58,462 [INFO] IPUIPlugin:65 - create IPUIPlugin
2020-05-03 19:43:58,463 [INFO] IPUIPlugin:65 - create IPUIPlugin
2020-05-03 19:43:58,463 [INFO] IPUIPlugin:65 - create IPUIPlugin
2020-05-03 19:43:58,478 [INFO] LogOutputStream:76 - [STDOUT_REDIRECT] toolchainItems.length=====1
2020-05-03 19:43:58,529 [INFO] OpenFileManager:294 - Restore cursor
2020-05-03 19:43:58,693 [INFO] UtilMem:74 - End SaveConfig() Used Memory: 487480608 Bytes (668991488)
2020-05-03 19:43:58,720 [INFO] UtilMem:74 - End SaveConfig() Used Memory: 489577760 Bytes (668991488)
2020-05-03 19:43:59,144 [INFO] BlockDiagram:2751 - set Specific Code input for plugin: SYS
2020-05-03 19:43:59,144 [INFO] BlockDiagram:2751 - set Specific Code input for plugin: NVIC
2020-05-03 19:43:59,144 [INFO] CodeGenerator:601 - code generatio: config db path: /opt/st/stm32cubeide_1.2.0/plugins/com.st.stm32cube.common.mx_5.5.0.201912201511//db/
2020-05-03 19:43:59,508 [INFO] CodeEngine:193 - oldGeneratedFile, /home/lewy/STM32CubeIDE/workspace_6_led_ster/Robo_v6/MXTmpFiles/license.tmp_save
2020-05-03 19:43:59,768 [INFO] CodeEngine:211 - Generated code: /home/lewy/STM32CubeIDE/workspace_6_led_ster/Robo_v6/MXTmpFiles/license.tmp
2020-05-03 19:43:59,906 [INFO] LogOutputStream:76 - [STDOUT_REDIRECT] Debug : prepare data for NVIC
2020-05-03 19:43:59,906 [INFO] LogOutputStream:76 - [STDOUT_REDIRECT] Command line test
2020-05-03 19:43:59,910 [INFO] CodeEngine:193 - oldGeneratedFile, /home/lewy/STM32CubeIDE/workspace_6_led_ster/Robo_v6/Core/Src/stm32f4xx_it.c_save
2020-05-03 19:43:59,990 [INFO] CodeEngine:211 - Generated code: /home/lewy/STM32CubeIDE/workspace_6_led_ster/Robo_v6/Core/Src/stm32f4xx_it.c
2020-05-03 19:43:59,995 [INFO] CodeEngine:193 - oldGeneratedFile, /home/lewy/STM32CubeIDE/workspace_6_led_ster/Robo_v6/Core/Inc/stm32f4xx_it.h_save
2020-05-03 19:44:00,043 [INFO] CodeEngine:211 - Generated code: /home/lewy/STM32CubeIDE/workspace_6_led_ster/Robo_v6/Core/Inc/stm32f4xx_it.h
2020-05-03 19:44:00,067 [INFO] CodeEngine:193 - oldGeneratedFile, /home/lewy/STM32CubeIDE/workspace_6_led_ster/Robo_v6/Core/Src/stm32f4xx_hal_msp.c_save
2020-05-03 19:44:00,143 [INFO] CodeEngine:211 - Generated code: /home/lewy/STM32CubeIDE/workspace_6_led_ster/Robo_v6/Core/Src/stm32f4xx_hal_msp.c
2020-05-03 19:44:00,157 [INFO] CodeEngine:193 - oldGeneratedFile, /home/lewy/STM32CubeIDE/workspace_6_led_ster/Robo_v6/MXTmpFiles/system.tmp_save
2020-05-03 19:44:00,202 [INFO] CodeEngine:211 - Generated code: /home/lewy/STM32CubeIDE/workspace_6_led_ster/Robo_v6/MXTmpFiles/system.tmp
2020-05-03 19:44:00,204 [INFO] CodeEngine:193 - oldGeneratedFile, /home/lewy/STM32CubeIDE/workspace_6_led_ster/Robo_v6/Core/Inc/stm32f4xx_hal_conf.h_save
2020-05-03 19:44:00,255 [INFO] CodeEngine:211 - Generated code: /home/lewy/STM32CubeIDE/workspace_6_led_ster/Robo_v6/Core/Inc/stm32f4xx_hal_conf.h
2020-05-03 19:44:00,288 [INFO] CodeEngine:193 - oldGeneratedFile, /home/lewy/STM32CubeIDE/workspace_6_led_ster/Robo_v6/Core/Inc/main.h_save
2020-05-03 19:44:00,342 [INFO] CodeEngine:211 - Generated code: /home/lewy/STM32CubeIDE/workspace_6_led_ster/Robo_v6/Core/Inc/main.h
2020-05-03 19:44:00,347 [INFO] CodeEngine:193 - oldGeneratedFile, /home/lewy/STM32CubeIDE/workspace_6_led_ster/Robo_v6/Core/Src/main.c_save
2020-05-03 19:44:00,427 [INFO] CodeEngine:211 - Generated code: /home/lewy/STM32CubeIDE/workspace_6_led_ster/Robo_v6/Core/Src/main.c
2020-05-03 19:44:01,536 [INFO] ProjectBuilder:1843 - Time for Copy HAL[1] : 437mS.
2020-05-03 19:44:01,542 [INFO] ProjectBuilder:2428 - Project Generator version: 3.6.0
2020-05-03 19:44:01,907 [INFO] ConfigFileManager:1043 - The Die is : DIE413
2020-05-03 19:44:17,286 [INFO] ProjectBuilder:2595 - Time for Generating toolchain IDE Files: 15744mS.
2020-05-03 19:44:17,286 [INFO] ProjectBuilder:1703 - Time for Copy CMSIS : 0mS.
2020-05-03 19:44:17,286 [INFO] ProjectBuilder:1703 - Time for Copy CMSIS : 0mS.
2020-05-03 19:46:52,176 [INFO] Activator:176 - 


2020-05-03 19:46:52,178 [INFO] Activator:177 - !SESSION log4j initialized
2020-05-03 19:47:46,594 [INFO] ApplicationProperties:181 - Using Application install path: /opt/st/stm32cubeide_1.2.0/plugins/com.st.stm32cube.common.mx_5.5.0.201912201511
2020-05-03 19:47:46,605 [INFO] DbMcusXml:69 - Set database path to: /opt/st/stm32cubeide_1.2.0/plugins/com.st.stm32cube.common.mx_5.5.0.201912201511//db//mcu/
2020-05-03 19:47:46,608 [INFO] DbBoardsPdsc:54 - Set plugin database path to: /opt/st/stm32cubeide_1.2.0/plugins/com.st.stm32cube.common.mx_5.5.0.201912201511//db//plugins/boardmanager/
2020-05-03 19:47:46,608 [INFO] DbMcus:264 - Set plugin images path to: /opt/st/stm32cubeide_1.2.0/plugins/com.st.stm32cube.common.mx_5.5.0.201912201511//db//plugins/mcufinder/images/
2020-05-03 19:47:46,608 [INFO] DbBoards:232 - Set plugin images path to: /opt/st/stm32cubeide_1.2.0/plugins/com.st.stm32cube.common.mx_5.5.0.201912201511//db//plugins/mcufinder/images/
2020-05-03 19:47:46,610 [INFO] APIGFXSelector:72 - Set database path to: /opt/st/stm32cubeide_1.2.0/plugins/com.st.stm32cube.common.mx_5.5.0.201912201511//db//plugins/mcufinder/mcu/
2020-05-03 19:47:46,613 [INFO] DbMcusAds:72 - Set database path to: /home/lewy/.stmcufinder/plugins/mcufinder//mcu/
2020-05-03 19:47:46,613 [INFO] DbMcusDocs:92 - Set database path to: /home/lewy/.stmcufinder/plugins/mcufinder//mcu/
2020-05-03 19:47:46,615 [INFO] DbMcusJson:59 - Set database path to: /home/lewy/.stmcufinder/plugins/mcufinder//mcu/
2020-05-03 19:47:46,616 [INFO] DbBoardsDocs:84 - Set database path to: /home/lewy/.stmcufinder/plugins/mcufinder//mcu/
2020-05-03 19:47:46,617 [INFO] DbBoardsJson:51 - Set database path to: /home/lewy/.stmcufinder/plugins/mcufinder//mcu/
2020-05-03 19:47:46,639 [INFO] CrossReferenceDbSqlite:197 - Set database path to: /home/lewy/.stmcufinder/plugins/mcufinder//mcu/cs/
2020-05-03 19:47:46,710 [INFO] RulesReader:52 - Compatibility file has been processed (205 Rules)
2020-05-03 19:47:46,781 [INFO] MicroXplorer:570 - Detected Java Version = 1.8.0_202
2020-05-03 19:47:46,782 [INFO] DbMcusXml:69 - Set database path to: /opt/st/stm32cubeide_1.2.0/plugins/com.st.stm32cube.common.mx_5.5.0.201912201511//db//mcu/
2020-05-03 19:47:46,782 [INFO] DbBoardsPdsc:54 - Set plugin database path to: /opt/st/stm32cubeide_1.2.0/plugins/com.st.stm32cube.common.mx_5.5.0.201912201511//db//plugins/boardmanager/
2020-05-03 19:47:46,783 [INFO] DbMcus:264 - Set plugin images path to: /opt/st/stm32cubeide_1.2.0/plugins/com.st.stm32cube.common.mx_5.5.0.201912201511//db//plugins/mcufinder/images/
2020-05-03 19:47:46,783 [INFO] DbBoards:232 - Set plugin images path to: /opt/st/stm32cubeide_1.2.0/plugins/com.st.stm32cube.common.mx_5.5.0.201912201511//db//plugins/mcufinder/images/
2020-05-03 19:47:46,783 [INFO] APIGFXSelector:72 - Set database path to: /opt/st/stm32cubeide_1.2.0/plugins/com.st.stm32cube.common.mx_5.5.0.201912201511//db//plugins/mcufinder/mcu/
2020-05-03 19:47:46,783 [WARN] DbFile:31 - Overriding database path with different value: /home/lewy/.stmcufinder/plugins/mcufinder/ => /home/lewy/.stmcufinder/plugins/mcufinder
2020-05-03 19:47:46,784 [INFO] DbMcusAds:72 - Set database path to: /home/lewy/.stmcufinder/plugins/mcufinder//mcu/
2020-05-03 19:47:46,784 [WARN] DbFile:31 - Overriding database path with different value: /home/lewy/.stmcufinder/plugins/mcufinder/ => /home/lewy/.stmcufinder/plugins/mcufinder
2020-05-03 19:47:46,784 [INFO] DbMcusDocs:92 - Set database path to: /home/lewy/.stmcufinder/plugins/mcufinder//mcu/
2020-05-03 19:47:46,784 [WARN] DbFile:31 - Overriding database path with different value: /home/lewy/.stmcufinder/plugins/mcufinder/ => /home/lewy/.stmcufinder/plugins/mcufinder
2020-05-03 19:47:46,784 [INFO] DbMcusJson:59 - Set database path to: /home/lewy/.stmcufinder/plugins/mcufinder//mcu/
2020-05-03 19:47:46,784 [WARN] DbFile:31 - Overriding database path with different value: /home/lewy/.stmcufinder/plugins/mcufinder/ => /home/lewy/.stmcufinder/plugins/mcufinder
2020-05-03 19:47:46,785 [INFO] DbBoardsDocs:84 - Set database path to: /home/lewy/.stmcufinder/plugins/mcufinder//mcu/
2020-05-03 19:47:46,785 [WARN] DbFile:31 - Overriding database path with different value: /home/lewy/.stmcufinder/plugins/mcufinder/ => /home/lewy/.stmcufinder/plugins/mcufinder
2020-05-03 19:47:46,785 [INFO] DbBoardsJson:51 - Set database path to: /home/lewy/.stmcufinder/plugins/mcufinder//mcu/
2020-05-03 19:47:46,785 [WARN] DbFile:31 - Overriding database path with different value: /home/lewy/.stmcufinder/plugins/mcufinder/ => /home/lewy/.stmcufinder/plugins/mcufinder
2020-05-03 19:47:46,786 [WARN] DbFile:31 - Overriding database path with different value: /home/lewy/.stmcufinder/plugins/mcufinder/ => /home/lewy/.stmcufinder/plugins/mcufinder
2020-05-03 19:47:46,786 [INFO] CrossReferenceDbSqlite:197 - Set database path to: /home/lewy/.stmcufinder/plugins/mcufinder//mcu/cs/
2020-05-03 19:47:46,827 [INFO] MainPanel:180 - HeapMemory: 305135616
2020-05-03 19:47:46,879 [INFO] DbMcusXml:69 - Set database path to: /opt/st/stm32cubeide_1.2.0/plugins/com.st.stm32cube.common.mx_5.5.0.201912201511//db//mcu/
2020-05-03 19:47:46,879 [INFO] DbBoardsPdsc:54 - Set plugin database path to: /opt/st/stm32cubeide_1.2.0/plugins/com.st.stm32cube.common.mx_5.5.0.201912201511//db//plugins/boardmanager/
2020-05-03 19:47:46,879 [INFO] DbMcus:264 - Set plugin images path to: /opt/st/stm32cubeide_1.2.0/plugins/com.st.stm32cube.common.mx_5.5.0.201912201511//db//plugins/mcufinder/images/
2020-05-03 19:47:46,880 [INFO] DbBoards:232 - Set plugin images path to: /opt/st/stm32cubeide_1.2.0/plugins/com.st.stm32cube.common.mx_5.5.0.201912201511//db//plugins/mcufinder/images/
2020-05-03 19:47:46,880 [INFO] APIGFXSelector:72 - Set database path to: /opt/st/stm32cubeide_1.2.0/plugins/com.st.stm32cube.common.mx_5.5.0.201912201511//db//plugins/mcufinder/mcu/
2020-05-03 19:47:46,880 [WARN] DbFile:31 - Overriding database path with different value: /home/lewy/.stmcufinder/plugins/mcufinder/ => /home/lewy/.stmcufinder/plugins/mcufinder
2020-05-03 19:47:46,880 [INFO] DbMcusAds:72 - Set database path to: /home/lewy/.stmcufinder/plugins/mcufinder//mcu/
2020-05-03 19:47:46,881 [WARN] DbFile:31 - Overriding database path with different value: /home/lewy/.stmcufinder/plugins/mcufinder/ => /home/lewy/.stmcufinder/plugins/mcufinder
2020-05-03 19:47:46,881 [INFO] DbMcusDocs:92 - Set database path to: /home/lewy/.stmcufinder/plugins/mcufinder//mcu/
2020-05-03 19:47:46,881 [WARN] DbFile:31 - Overriding database path with different value: /home/lewy/.stmcufinder/plugins/mcufinder/ => /home/lewy/.stmcufinder/plugins/mcufinder
2020-05-03 19:47:46,881 [INFO] DbMcusJson:59 - Set database path to: /home/lewy/.stmcufinder/plugins/mcufinder//mcu/
2020-05-03 19:47:46,881 [WARN] DbFile:31 - Overriding database path with different value: /home/lewy/.stmcufinder/plugins/mcufinder/ => /home/lewy/.stmcufinder/plugins/mcufinder
2020-05-03 19:47:46,882 [INFO] DbBoardsDocs:84 - Set database path to: /home/lewy/.stmcufinder/plugins/mcufinder//mcu/
2020-05-03 19:47:46,882 [WARN] DbFile:31 - Overriding database path with different value: /home/lewy/.stmcufinder/plugins/mcufinder/ => /home/lewy/.stmcufinder/plugins/mcufinder
2020-05-03 19:47:46,882 [INFO] DbBoardsJson:51 - Set database path to: /home/lewy/.stmcufinder/plugins/mcufinder//mcu/
2020-05-03 19:47:46,882 [WARN] DbFile:31 - Overriding database path with different value: /home/lewy/.stmcufinder/plugins/mcufinder/ => /home/lewy/.stmcufinder/plugins/mcufinder
2020-05-03 19:47:46,882 [WARN] DbFile:31 - Overriding database path with different value: /home/lewy/.stmcufinder/plugins/mcufinder/ => /home/lewy/.stmcufinder/plugins/mcufinder
2020-05-03 19:47:46,883 [INFO] CrossReferenceDbSqlite:197 - Set database path to: /home/lewy/.stmcufinder/plugins/mcufinder//mcu/cs/
2020-05-03 19:47:46,894 [INFO] ApplicationProperties:181 - Using Application install path: /opt/st/stm32cubeide_1.2.0/plugins/com.st.stm32cube.common.mx_5.5.0.201912201511
2020-05-03 19:47:46,896 [INFO] PluginManage:178 - Search for loadable plugins [exclusion list=]
2020-05-03 19:47:46,897 [INFO] PluginManage:292 - Check plugin analytics
2020-05-03 19:47:46,901 [INFO] PluginManage:342 - Loaded plugin analytics (category:tool,tabindex:-1)
2020-05-03 19:47:46,901 [INFO] PluginManage:292 - Check plugin clock
2020-05-03 19:47:46,909 [INFO] PluginManage:342 - Loaded plugin clock (category:base,tabindex:2)
2020-05-03 19:47:46,909 [INFO] PluginManage:292 - Check plugin ddr
2020-05-03 19:47:46,911 [INFO] PluginManage:342 - Loaded plugin ddr (category:tool,tabindex:6)
2020-05-03 19:47:46,912 [INFO] PluginManage:292 - Check plugin filemanager
2020-05-03 19:47:47,003 [INFO] PluginManage:342 - Loaded plugin filemanager (category:base,tabindex:10)
2020-05-03 19:47:47,003 [INFO] PluginManage:292 - Check plugin ipmanager
2020-05-03 19:47:47,008 [INFO] PluginManage:342 - Loaded plugin ipmanager (category:base,tabindex:5)
2020-05-03 19:47:47,008 [INFO] PluginManage:292 - Check plugin pinoutandconfiguration
2020-05-03 19:47:47,014 [INFO] PluginManage:342 - Loaded plugin pinoutandconfiguration (category:base,tabindex:1)
2020-05-03 19:47:47,014 [INFO] PluginManage:292 - Check plugin pinoutconfig
2020-05-03 19:47:47,028 [INFO] PluginManage:342 - Loaded plugin pinoutconfig (category:base,tabindex:0)
2020-05-03 19:47:47,029 [INFO] PluginManage:292 - Check plugin power
2020-05-03 19:47:47,034 [INFO] PluginManage:342 - Loaded plugin power (category:power,tabindex:4)
2020-05-03 19:47:47,035 [INFO] PluginManage:292 - Check plugin projectmanager
2020-05-03 19:47:47,044 [INFO] PluginManage:342 - Loaded plugin projectmanager (category:projectmanager,tabindex:3)
2020-05-03 19:47:47,045 [INFO] PluginManage:292 - Check plugin thirdparty
2020-05-03 19:47:47,089 [INFO] ThirdPartyDb:295 - Open Third Party DataBase File (/home/lewy/.stm32cubemx/plugins/thirdparty/db/thirdparties_db.xml) : 14 ms. number of Sw pack : 11
2020-05-03 19:47:47,095 [INFO] PluginManage:342 - Loaded plugin thirdparty (category:base,tabindex:-1)
2020-05-03 19:47:47,096 [INFO] PluginManage:292 - Check plugin tools
2020-05-03 19:47:47,098 [INFO] PluginManage:342 - Loaded plugin tools (category:base,tabindex:7)
2020-05-03 19:47:47,099 [INFO] PluginManage:292 - Check plugin updater
2020-05-03 19:47:47,109 [INFO] PluginManage:342 - Loaded plugin updater (category:base,tabindex:12)
2020-05-03 19:47:47,110 [INFO] PluginManage:265 - PluginManage : Loaded plugins [12]
2020-05-03 19:47:47,220 [INFO] PinOutPanel:1399 - setPackage(No Configuration,No Configuration)
2020-05-03 19:47:47,267 [INFO] IPUIPlugin:65 - create IPUIPlugin
2020-05-03 19:47:47,267 [INFO] PluginManager:200 - loadIPPluginJar : add gfxmmu
2020-05-03 19:47:47,269 [INFO] IPUIPlugin:65 - create IPUIPlugin
2020-05-03 19:47:47,269 [INFO] PluginManager:200 - loadIPPluginJar : add stm32_wpan
2020-05-03 19:47:47,271 [INFO] IPUIPlugin:65 - create IPUIPlugin
2020-05-03 19:47:47,272 [INFO] PluginManager:200 - loadIPPluginJar : add spi
2020-05-03 19:47:47,274 [INFO] IPUIPlugin:65 - create IPUIPlugin
2020-05-03 19:47:47,274 [INFO] PluginManager:200 - loadIPPluginJar : add aes
2020-05-03 19:47:47,276 [INFO] IPUIPlugin:65 - create IPUIPlugin
2020-05-03 19:47:47,276 [INFO] PluginManager:200 - loadIPPluginJar : add can
2020-05-03 19:47:47,280 [INFO] IPUIPlugin:65 - create IPUIPlugin
2020-05-03 19:47:47,281 [INFO] PluginManager:200 - loadIPPluginJar : add adc
2020-05-03 19:47:47,282 [INFO] IPUIPlugin:65 - create IPUIPlugin
2020-05-03 19:47:47,283 [INFO] PluginManager:200 - loadIPPluginJar : add ipddr
2020-05-03 19:47:47,284 [INFO] IPUIPlugin:65 - create IPUIPlugin
2020-05-03 19:47:47,284 [INFO] PluginManager:200 - loadIPPluginJar : add i2s
2020-05-03 19:47:47,286 [INFO] IPUIPlugin:65 - create IPUIPlugin
2020-05-03 19:47:47,286 [INFO] PluginManager:200 - loadIPPluginJar : add tracer_emb
2020-05-03 19:47:47,288 [INFO] IPUIPlugin:65 - create IPUIPlugin
2020-05-03 19:47:47,289 [INFO] PluginManager:200 - loadIPPluginJar : add opamp
2020-05-03 19:47:47,291 [INFO] IPUIPlugin:65 - create IPUIPlugin
2020-05-03 19:47:47,292 [INFO] PluginManager:200 - loadIPPluginJar : add nvic
2020-05-03 19:47:47,294 [INFO] IPUIPlugin:65 - create IPUIPlugin
2020-05-03 19:47:47,294 [INFO] PluginManager:200 - loadIPPluginJar : add usart
2020-05-03 19:47:47,295 [INFO] IPUIPlugin:65 - create IPUIPlugin
2020-05-03 19:47:47,296 [INFO] PluginManager:200 - loadIPPluginJar : add i2c
2020-05-03 19:47:47,297 [INFO] IPUIPlugin:65 - create IPUIPlugin
2020-05-03 19:47:47,298 [INFO] PluginManager:200 - loadIPPluginJar : add tim
2020-05-03 19:47:47,299 [INFO] IPUIPlugin:65 - create IPUIPlugin
2020-05-03 19:47:47,300 [INFO] PluginManager:200 - loadIPPluginJar : add dfsdm
2020-05-03 19:47:47,301 [INFO] IPUIPlugin:65 - create IPUIPlugin
2020-05-03 19:47:47,301 [INFO] PluginManager:200 - loadIPPluginJar : add ucpd
2020-05-03 19:47:47,304 [INFO] IPUIPlugin:65 - create IPUIPlugin
2020-05-03 19:47:47,304 [INFO] PluginManager:200 - loadIPPluginJar : add touchsensing
2020-05-03 19:47:47,306 [INFO] IPUIPlugin:65 - create IPUIPlugin
2020-05-03 19:47:47,307 [INFO] PluginManager:200 - loadIPPluginJar : add mdma
2020-05-03 19:47:47,311 [INFO] IPUIPlugin:65 - create IPUIPlugin
2020-05-03 19:47:47,312 [INFO] PluginManager:200 - loadIPPluginJar : add dma
2020-05-03 19:47:47,316 [INFO] IPUIPlugin:65 - create IPUIPlugin
2020-05-03 19:47:47,316 [INFO] PluginManager:200 - loadIPPluginJar : add gic
2020-05-03 19:47:47,317 [INFO] IPUIPlugin:65 - create IPUIPlugin
2020-05-03 19:47:47,318 [INFO] PluginManager:200 - loadIPPluginJar : add genericplugin
2020-05-03 19:47:47,319 [INFO] IPUIPlugin:65 - create IPUIPlugin
2020-05-03 19:47:47,320 [INFO] PluginManager:200 - loadIPPluginJar : add hash
2020-05-03 19:47:47,321 [INFO] IPUIPlugin:65 - create IPUIPlugin
2020-05-03 19:47:47,321 [INFO] PluginManager:200 - loadIPPluginJar : add ts
2020-05-03 19:47:47,323 [INFO] IPUIPlugin:65 - create IPUIPlugin
2020-05-03 19:47:47,323 [INFO] PluginManager:200 - loadIPPluginJar : add ltdc
2020-05-03 19:47:47,324 [INFO] IPUIPlugin:65 - create IPUIPlugin
2020-05-03 19:47:47,324 [INFO] PluginManager:200 - loadIPPluginJar : add comp
2020-05-03 19:47:47,329 [INFO] IPUIPlugin:65 - create IPUIPlugin
2020-05-03 19:47:47,331 [INFO] PluginManager:200 - loadIPPluginJar : add plateformsettings
2020-05-03 19:47:47,333 [INFO] IPUIPlugin:65 - create IPUIPlugin
2020-05-03 19:47:47,333 [INFO] PluginManager:200 - loadIPPluginJar : add resmgrutility
2020-05-03 19:47:47,334 [INFO] IPUIPlugin:65 - create IPUIPlugin
2020-05-03 19:47:47,335 [INFO] PluginManager:200 - loadIPPluginJar : add tsc
2020-05-03 19:47:47,336 [INFO] IPUIPlugin:65 - create IPUIPlugin
2020-05-03 19:47:47,336 [INFO] PluginManager:200 - loadIPPluginJar : add fatfs
2020-05-03 19:47:47,339 [INFO] IPUIPlugin:65 - create IPUIPlugin
2020-05-03 19:47:47,340 [INFO] PluginManager:200 - loadIPPluginJar : add gpio
2020-05-03 19:47:47,343 [INFO] IPUIPlugin:65 - create IPUIPlugin
2020-05-03 19:47:47,343 [INFO] PluginManager:200 - loadIPPluginJar : add fmc
2020-05-03 19:47:47,344 [INFO] IPUIPlugin:65 - create IPUIPlugin
2020-05-03 19:47:47,344 [INFO] PluginManager:200 - loadIPPluginJar : add quadspi
2020-05-03 19:47:47,346 [INFO] IPUIPlugin:65 - create IPUIPlugin
2020-05-03 19:47:47,346 [INFO] PluginManager:200 - loadIPPluginJar : add gtzc
2020-05-03 19:47:47,348 [INFO] IPUIPlugin:65 - create IPUIPlugin
2020-05-03 19:47:47,348 [INFO] PluginManager:200 - loadIPPluginJar : add pdm2pcm
2020-05-03 19:47:47,349 [INFO] IPUIPlugin:65 - create IPUIPlugin
2020-05-03 19:47:47,350 [INFO] PluginManager:200 - loadIPPluginJar : add gfxsimulator
2020-05-03 19:47:47,351 [INFO] IPUIPlugin:65 - create IPUIPlugin
2020-05-03 19:47:47,351 [INFO] PluginManager:200 - loadIPPluginJar : add cryp
2020-05-03 19:47:47,354 [INFO] IPUIPlugin:65 - create IPUIPlugin
2020-05-03 19:47:47,354 [INFO] PluginManager:200 - loadIPPluginJar : add sai
2020-05-03 19:47:47,358 [INFO] IPUIPlugin:65 - create IPUIPlugin
2020-05-03 19:47:47,359 [INFO] PluginManager:200 - loadIPPluginJar : add freertos
2020-05-03 19:47:47,439 [INFO] BoardConnectionPanel:226 - [DDR PANEL] osNameString: Linux
2020-05-03 19:47:47,534 [INFO] BoardConnectionPanel:3472 - [DDR PANEL] STM32CubeIDE environment
2020-05-03 19:47:47,534 [INFO] MainDdrPanel:103 - [DDR PANEL] GETTER - cubeProgrammerPath is: null
2020-05-03 19:47:47,787 [FATAL] Updater:277 - Updater called before beeing initialized
2020-05-03 19:47:47,964 [FATAL] Updater:277 - Updater called before beeing initialized
2020-05-03 19:47:47,967 [INFO] PinOutPanel:1399 - setPackage(No Configuration,No Configuration)
2020-05-03 19:47:47,968 [FATAL] Updater:277 - Updater called before beeing initialized
2020-05-03 19:47:47,970 [INFO] BoardConnectionPanel:3472 - [DDR PANEL] STM32CubeIDE environment
2020-05-03 19:47:47,971 [INFO] MainDdrPanel:103 - [DDR PANEL] GETTER - cubeProgrammerPath is: /opt/st/stm32cubeide_1.2.0/plugins/com.st.stm32cube.ide.mcu.externaltools.cubeprogrammer.linux64_1.1.0.201910081157/tools/bin
2020-05-03 19:47:47,976 [INFO] ProgrammerExecThread:148 - [ProgrammerAPI] CubeProgrammer command construction: /opt/st/stm32cubeide_1.2.0/plugins/com.st.stm32cube.ide.mcu.externaltools.cubeprogrammer.linux64_1.1.0.201910081157/tools/bin/STM32_Programmer_CLI -l
2020-05-03 19:47:48,176 [INFO] MainDdrPanel:93 - [DDR PANEL] SETTER - Set cubeProgrammerPath to: /opt/st/stm32cubeide_1.2.0/plugins/com.st.stm32cube.ide.mcu.externaltools.cubeprogrammer.linux64_1.1.0.201910081157/tools/bin
2020-05-03 19:47:48,180 [INFO] Updater:886 - Updater Version found : 5.5.0
2020-05-03 19:47:48,196 [INFO] ApplicationProperties:181 - Using Application install path: /opt/st/stm32cubeide_1.2.0/plugins/com.st.stm32cube.common.mx_5.5.0.201912201511
2020-05-03 19:47:48,442 [INFO] MainUpdater:2230 - connection check result : 10
2020-05-03 19:47:48,445 [INFO] MainUpdater:236 - Updater Check For Update Now.
2020-05-03 19:47:48,446 [INFO] MicroXplorer:420 - Change Database Version : DB.5.0.50
2020-05-03 19:47:48,529 [INFO] CheckServerUpdateThread:92 - End of CheckServer Thread
2020-05-03 19:47:48,654 [INFO] MainUpdater:2230 - connection check result : 10
2020-05-03 19:47:48,845 [INFO] MicroXplorer:390 - Change Database Path : 
2020-05-03 19:47:48,845 [INFO] MicroXplorer:420 - Change Database Version : DB.5.0.50
2020-05-03 19:47:48,847 [INFO] PinOutPanel:1399 - setPackage(No Configuration,No Configuration)
2020-05-03 19:47:48,848 [INFO] UtilMem:74 - Begin LoadConfig() Used Memory: 211908088 Bytes (305135616)
2020-05-03 19:47:48,849 [INFO] MicroXplorer:390 - Change Database Path : 
2020-05-03 19:47:48,850 [INFO] MicroXplorer:420 - Change Database Version : DB.5.0.50
2020-05-03 19:47:48,850 [INFO] OpenFileManager:274 - Change cursor
2020-05-03 19:47:50,183 [INFO] ThirdPartyDb:261 - Close Third Party DataBase File (/home/lewy/.stm32cubemx/plugins/thirdparty/db/thirdparties_db.xml)
2020-05-03 19:47:50,232 [INFO] IntegrityCheckThread:98 - End integrity checks thread
2020-05-03 19:47:51,577 [INFO] ImportTextPane:162 - (OptionalMessage_ERROR) IP (RCC) : Parameter (48MHZClocksFreq_Value) has invalid value (84000000)
2020-05-03 19:47:51,579 [INFO] ImportTextPane:162 - (OptionalMessage_ERROR) IP (RCC) : Parameter (RTCHSEDivFreq_Value) has invalid value (4000000)
2020-05-03 19:47:51,794 [INFO] UtilMem:74 - End LoadConfig() Used Memory: 332936544 Bytes (681574400)
2020-05-03 19:47:51,802 [INFO] ThirdPartyDb:295 - Open Third Party DataBase File (/home/lewy/.stm32cubemx/plugins/thirdparty/db/thirdparties_db.xml) : 3 ms. number of Sw pack : 11
2020-05-03 19:47:51,854 [INFO] ThirdParty:899 - CMSIS Pack Vendor :STMicroelectronics X-CUBE-BLE1 5.0.0
2020-05-03 19:47:51,854 [INFO] ThirdParty:899 - CMSIS Pack Vendor :STMicroelectronics X-CUBE-SUBG2 1.1.0
2020-05-03 19:47:51,855 [INFO] ThirdParty:899 - CMSIS Pack Vendor :STMicroelectronics X-CUBE-GNSS1 4.1.0
2020-05-03 19:47:51,855 [INFO] ThirdParty:899 - CMSIS Pack Vendor :ARM CMSIS 5.6.0
2020-05-03 19:47:51,855 [INFO] ThirdParty:899 - CMSIS Pack Vendor :STMicroelectronics X-CUBE-TOUCHGFX 4.13.0
2020-05-03 19:47:51,855 [INFO] ThirdParty:899 - CMSIS Pack Vendor :STMicroelectronics X-CUBE-NFC4 1.5.2
2020-05-03 19:47:51,855 [INFO] ThirdParty:899 - CMSIS Pack Vendor :STMicroelectronics X-CUBE-MEMS1 7.1.0
2020-05-03 19:47:51,855 [INFO] ThirdParty:899 - CMSIS Pack Vendor :STMicroelectronics FreeRTOS 0.0.1
2020-05-03 19:47:51,855 [INFO] ThirdParty:899 - CMSIS Pack Vendor :STMicroelectronics X-CUBE-ALGOBUILD 1.0.0
2020-05-03 19:47:51,855 [INFO] ThirdParty:899 - CMSIS Pack Vendor :STMicroelectronics X-CUBE-AI 5.0.0
2020-05-03 19:47:51,855 [INFO] ThirdParty:899 - CMSIS Pack Vendor :STMicroelectronics X-CUBE-BLE2 1.0.0
2020-05-03 19:47:52,121 [INFO] PinOutPanel:1399 - setPackage(No Configuration,No Configuration)
2020-05-03 19:47:52,124 [INFO] PinOutPanel:1399 - setPackage(STM32F407VGTx,LQFP100)
2020-05-03 19:47:52,454 [INFO] UtilMem:74 - Before build in PCC Used Memory: 477413576 Bytes (681574400)
2020-05-03 19:47:52,628 [INFO] SharedServices:71 - Folder for power plug-in: /home/lewy/.stm32cubemx/plugins/power
2020-05-03 19:47:52,628 [INFO] UtilMem:74 - After build in PCC Used Memory: 492619968 Bytes (681574400)
2020-05-03 19:47:52,648 [INFO] IPUIPlugin:65 - create IPUIPlugin
2020-05-03 19:47:52,649 [INFO] IPUIPlugin:65 - create IPUIPlugin
2020-05-03 19:47:52,649 [INFO] IPUIPlugin:65 - create IPUIPlugin
2020-05-03 19:47:52,649 [INFO] IPUIPlugin:65 - create IPUIPlugin
2020-05-03 19:47:52,649 [INFO] IPUIPlugin:65 - create IPUIPlugin
2020-05-03 19:47:52,649 [INFO] IPUIPlugin:65 - create IPUIPlugin
2020-05-03 19:47:52,650 [INFO] IPUIPlugin:65 - create IPUIPlugin
2020-05-03 19:47:52,650 [INFO] IPUIPlugin:65 - create IPUIPlugin
2020-05-03 19:47:52,650 [INFO] IPUIPlugin:65 - create IPUIPlugin
2020-05-03 19:47:52,650 [INFO] IPUIPlugin:65 - create IPUIPlugin
2020-05-03 19:47:52,650 [INFO] IPUIPlugin:65 - create IPUIPlugin
2020-05-03 19:47:52,650 [INFO] IPUIPlugin:65 - create IPUIPlugin
2020-05-03 19:47:52,650 [INFO] IPUIPlugin:65 - create IPUIPlugin
2020-05-03 19:47:52,650 [INFO] IPUIPlugin:65 - create IPUIPlugin
2020-05-03 19:47:52,651 [INFO] IPUIPlugin:65 - create IPUIPlugin
2020-05-03 19:47:52,651 [INFO] IPUIPlugin:65 - create IPUIPlugin
2020-05-03 19:47:52,651 [INFO] IPUIPlugin:65 - create IPUIPlugin
2020-05-03 19:47:52,651 [INFO] IPUIPlugin:65 - create IPUIPlugin
2020-05-03 19:47:52,651 [INFO] IPUIPlugin:65 - create IPUIPlugin
2020-05-03 19:47:52,651 [INFO] IPUIPlugin:65 - create IPUIPlugin
2020-05-03 19:47:52,651 [INFO] IPUIPlugin:65 - create IPUIPlugin
2020-05-03 19:47:52,651 [INFO] IPUIPlugin:65 - create IPUIPlugin
2020-05-03 19:47:52,652 [INFO] IPUIPlugin:65 - create IPUIPlugin
2020-05-03 19:47:52,652 [INFO] IPUIPlugin:65 - create IPUIPlugin
2020-05-03 19:47:52,652 [INFO] IPUIPlugin:65 - create IPUIPlugin
2020-05-03 19:47:52,652 [INFO] IPUIPlugin:65 - create IPUIPlugin
2020-05-03 19:47:52,652 [INFO] IPUIPlugin:65 - create IPUIPlugin
2020-05-03 19:47:52,652 [INFO] IPUIPlugin:65 - create IPUIPlugin
2020-05-03 19:47:52,652 [INFO] IPUIPlugin:65 - create IPUIPlugin
2020-05-03 19:47:52,652 [INFO] IPUIPlugin:65 - create IPUIPlugin
2020-05-03 19:47:52,653 [INFO] IPUIPlugin:65 - create IPUIPlugin
2020-05-03 19:47:52,653 [INFO] IPUIPlugin:65 - create IPUIPlugin
2020-05-03 19:47:52,653 [INFO] IPUIPlugin:65 - create IPUIPlugin
2020-05-03 19:47:52,653 [INFO] IPUIPlugin:65 - create IPUIPlugin
2020-05-03 19:47:52,653 [INFO] IPUIPlugin:65 - create IPUIPlugin
2020-05-03 19:47:52,653 [INFO] IPUIPlugin:65 - create IPUIPlugin
2020-05-03 19:47:52,653 [INFO] IPUIPlugin:65 - create IPUIPlugin
2020-05-03 19:47:52,653 [INFO] IPUIPlugin:65 - create IPUIPlugin
2020-05-03 19:47:52,653 [INFO] IPUIPlugin:65 - create IPUIPlugin
2020-05-03 19:47:52,653 [INFO] IPUIPlugin:65 - create IPUIPlugin
2020-05-03 19:47:52,654 [INFO] IPUIPlugin:65 - create IPUIPlugin
2020-05-03 19:47:52,654 [INFO] IPUIPlugin:65 - create IPUIPlugin
2020-05-03 19:47:52,654 [INFO] IPUIPlugin:65 - create IPUIPlugin
2020-05-03 19:47:52,654 [INFO] IPUIPlugin:65 - create IPUIPlugin
2020-05-03 19:47:52,654 [INFO] IPUIPlugin:65 - create IPUIPlugin
2020-05-03 19:47:52,654 [INFO] IPUIPlugin:65 - create IPUIPlugin
2020-05-03 19:47:52,654 [INFO] IPUIPlugin:65 - create IPUIPlugin
2020-05-03 19:47:52,654 [INFO] IPUIPlugin:65 - create IPUIPlugin
2020-05-03 19:47:52,654 [INFO] IPUIPlugin:65 - create IPUIPlugin
2020-05-03 19:47:52,655 [INFO] IPUIPlugin:65 - create IPUIPlugin
2020-05-03 19:47:52,655 [INFO] IPUIPlugin:65 - create IPUIPlugin
2020-05-03 19:47:52,655 [INFO] IPUIPlugin:65 - create IPUIPlugin
2020-05-03 19:47:52,655 [INFO] IPUIPlugin:65 - create IPUIPlugin
2020-05-03 19:47:52,655 [INFO] IPUIPlugin:65 - create IPUIPlugin
2020-05-03 19:47:52,656 [INFO] IPUIPlugin:65 - create IPUIPlugin
2020-05-03 19:47:52,656 [INFO] IPUIPlugin:65 - create IPUIPlugin
2020-05-03 19:47:52,656 [INFO] IPUIPlugin:65 - create IPUIPlugin
2020-05-03 19:47:52,656 [INFO] IPUIPlugin:65 - create IPUIPlugin
2020-05-03 19:47:52,697 [INFO] LogOutputStream:76 - [STDOUT_REDIRECT] toolchainItems.length=====1
2020-05-03 19:47:52,768 [INFO] OpenFileManager:294 - Restore cursor
2020-05-03 19:47:52,771 [INFO] DbMcusXml:107 - Load MCU database from /opt/st/stm32cubeide_1.2.0/plugins/com.st.stm32cube.common.mx_5.5.0.201912201511//db//mcu/families.xml
2020-05-03 19:47:52,771 [INFO] DbMcusXml:107 - Load MCU database from /opt/st/stm32cubeide_1.2.0/plugins/com.st.stm32cube.common.mx_5.5.0.201912201511//db//mcu/families.xml
2020-05-03 19:47:53,684 [INFO] DbMcusJson:87 - JSON generation date=Wed Apr 15 07:54:18 CEST 2020 (1586930058)
2020-05-03 19:47:53,866 [INFO] DbMcusJson:87 - JSON generation date=Wed Apr 15 07:54:18 CEST 2020 (1586930058)
2020-05-03 19:47:55,029 [INFO] DbMcus:192 - Found 1628 MCUs (1588 are supported by CubeMX, 1588 are visible in CubeMX)
2020-05-03 19:47:55,029 [INFO] DbMcus:192 - Found 1628 MCUs (1588 are supported by CubeMX, 1588 are visible in CubeMX)
2020-05-03 19:47:55,030 [INFO] ApiDb:147 - User favorites file not found: /home/lewy/.stm32cubemx/favorites.mcus.txt
2020-05-03 19:47:55,030 [INFO] DbMcus:203 - Set 0 / 0 favorites MCUs
2020-05-03 19:47:55,030 [INFO] ApiDb:147 - User favorites file not found: /home/lewy/.stm32cubemx/favorites.mcus.txt
2020-05-03 19:47:55,030 [INFO] DbMcus:203 - Set 0 / 0 favorites MCUs
2020-05-03 19:48:46,735 [INFO] UtilMem:74 - End SaveConfig() Used Memory: 431004872 Bytes (773849088)
2020-05-03 19:48:46,973 [INFO] UtilMem:74 - End SaveConfig() Used Memory: 448304336 Bytes (773849088)
2020-05-03 19:48:47,530 [INFO] BlockDiagram:2751 - set Specific Code input for plugin: TIM1_8
2020-05-03 19:48:47,530 [INFO] BlockDiagram:2751 - set Specific Code input for plugin: SYS
2020-05-03 19:48:47,530 [INFO] BlockDiagram:2751 - set Specific Code input for plugin: RCC
2020-05-03 19:48:47,531 [INFO] BlockDiagram:2751 - set Specific Code input for plugin: NVIC
2020-05-03 19:48:47,531 [INFO] BlockDiagram:2751 - set Specific Code input for plugin: USART
2020-05-03 19:48:47,531 [INFO] BlockDiagram:2751 - set Specific Code input for plugin: GPIO
2020-05-03 19:48:47,531 [INFO] CodeGenerator:601 - code generatio: config db path: /opt/st/stm32cubeide_1.2.0/plugins/com.st.stm32cube.common.mx_5.5.0.201912201511//db/
2020-05-03 19:48:47,986 [INFO] CodeEngine:193 - oldGeneratedFile, /home/lewy/STM32CubeIDE/workspace_6_led_ster/Robo_v6/MXTmpFiles/license.tmp_save
2020-05-03 19:48:48,256 [INFO] CodeEngine:211 - Generated code: /home/lewy/STM32CubeIDE/workspace_6_led_ster/Robo_v6/MXTmpFiles/license.tmp
2020-05-03 19:48:48,480 [INFO] CodeEngine:193 - oldGeneratedFile, /home/lewy/STM32CubeIDE/workspace_6_led_ster/Robo_v6/MXTmpFiles/gpio.tmp_save
2020-05-03 19:48:48,560 [INFO] CodeEngine:211 - Generated code: /home/lewy/STM32CubeIDE/workspace_6_led_ster/Robo_v6/MXTmpFiles/gpio.tmp
2020-05-03 19:48:48,871 [INFO] LogOutputStream:76 - [STDOUT_REDIRECT] Command line
2020-05-03 19:48:48,871 [INFO] LogOutputStream:76 - [STDOUT_REDIRECT] Debug : prepare data for TIM
2020-05-03 19:48:48,872 [INFO] LogOutputStream:76 - [STDOUT_REDIRECT] Command line test
2020-05-03 19:48:48,872 [INFO] LogOutputStream:76 - [STDOUT_REDIRECT] Command line
2020-05-03 19:48:48,873 [INFO] LogOutputStream:76 - [STDOUT_REDIRECT] Debug : prepare data for USART
2020-05-03 19:48:48,873 [INFO] LogOutputStream:76 - [STDOUT_REDIRECT] Command line test
2020-05-03 19:48:48,874 [INFO] LogOutputStream:76 - [STDOUT_REDIRECT] Debug : prepare data for NVIC
2020-05-03 19:48:48,874 [INFO] LogOutputStream:76 - [STDOUT_REDIRECT] Command line test
2020-05-03 19:48:48,880 [INFO] CodeEngine:193 - oldGeneratedFile, /home/lewy/STM32CubeIDE/workspace_6_led_ster/Robo_v6/Core/Src/stm32f4xx_it.c_save
2020-05-03 19:48:48,996 [INFO] CodeEngine:211 - Generated code: /home/lewy/STM32CubeIDE/workspace_6_led_ster/Robo_v6/Core/Src/stm32f4xx_it.c
2020-05-03 19:48:49,017 [INFO] CodeEngine:193 - oldGeneratedFile, /home/lewy/STM32CubeIDE/workspace_6_led_ster/Robo_v6/Core/Inc/stm32f4xx_it.h_save
2020-05-03 19:48:49,073 [INFO] CodeEngine:211 - Generated code: /home/lewy/STM32CubeIDE/workspace_6_led_ster/Robo_v6/Core/Inc/stm32f4xx_it.h
2020-05-03 19:48:49,098 [INFO] CodeEngine:193 - oldGeneratedFile, /home/lewy/STM32CubeIDE/workspace_6_led_ster/Robo_v6/Core/Src/stm32f4xx_hal_msp.c_save
2020-05-03 19:48:49,189 [INFO] CodeEngine:211 - Generated code: /home/lewy/STM32CubeIDE/workspace_6_led_ster/Robo_v6/Core/Src/stm32f4xx_hal_msp.c
2020-05-03 19:48:49,204 [INFO] CodeEngine:193 - oldGeneratedFile, /home/lewy/STM32CubeIDE/workspace_6_led_ster/Robo_v6/MXTmpFiles/system.tmp_save
2020-05-03 19:48:49,255 [INFO] CodeEngine:211 - Generated code: /home/lewy/STM32CubeIDE/workspace_6_led_ster/Robo_v6/MXTmpFiles/system.tmp
2020-05-03 19:48:49,260 [INFO] CodeEngine:193 - oldGeneratedFile, /home/lewy/STM32CubeIDE/workspace_6_led_ster/Robo_v6/Core/Inc/stm32f4xx_hal_conf.h_save
2020-05-03 19:48:49,317 [INFO] CodeEngine:211 - Generated code: /home/lewy/STM32CubeIDE/workspace_6_led_ster/Robo_v6/Core/Inc/stm32f4xx_hal_conf.h
2020-05-03 19:48:49,328 [WARN] IPConfigManager:2706 - IP not found : TIM
2020-05-03 19:48:49,328 [WARN] IPConfigManager:2706 - IP not found : gpio
2020-05-03 19:48:49,328 [WARN] CodeGenerator:2776 - IP not found : TIM
2020-05-03 19:48:49,328 [WARN] CodeGenerator:2776 - IP not found : gpio
2020-05-03 19:48:49,337 [INFO] CodeEngine:193 - oldGeneratedFile, /home/lewy/STM32CubeIDE/workspace_6_led_ster/Robo_v6/Core/Inc/main.h_save
2020-05-03 19:48:49,401 [INFO] CodeEngine:211 - Generated code: /home/lewy/STM32CubeIDE/workspace_6_led_ster/Robo_v6/Core/Inc/main.h
2020-05-03 19:48:49,420 [INFO] CodeEngine:193 - oldGeneratedFile, /home/lewy/STM32CubeIDE/workspace_6_led_ster/Robo_v6/Core/Src/main.c_save
2020-05-03 19:48:49,537 [INFO] CodeEngine:211 - Generated code: /home/lewy/STM32CubeIDE/workspace_6_led_ster/Robo_v6/Core/Src/main.c
2020-05-03 19:48:50,355 [INFO] ProjectBuilder:1843 - Time for Copy HAL[1] : 318mS.
2020-05-03 19:48:50,365 [INFO] ProjectBuilder:2428 - Project Generator version: 3.6.0
2020-05-03 19:48:50,646 [INFO] ConfigFileManager:1043 - The Die is : DIE413
2020-05-03 19:48:52,703 [INFO] ProjectBuilder:2595 - Time for Generating toolchain IDE Files: 2338mS.
2020-05-03 19:48:52,704 [INFO] ProjectBuilder:1703 - Time for Copy CMSIS : 0mS.
2020-05-03 19:48:52,704 [INFO] ProjectBuilder:1703 - Time for Copy CMSIS : 0mS.
